2019-10-29T09:46:46.000536Z - 1689 - root - INFO - added files: []
2019-10-29T09:46:46.000536Z - 1689 - root - INFO - deleted files: []
2019-10-29T09:46:46.000537Z - 1689 - root - INFO - modified files: ['/tmp/tmpO7TS2P/ARJUN/lhost.yml']
2019-10-29T09:46:46.000537Z - 1689 - root - INFO - conflict files: []
2019-10-29T09:46:46.000537Z - 1689 - root - INFO - unknown files: []
2019-10-29T09:46:46.000848Z - 1689 - root - INFO - revision: 55209
2019-10-29T09:46:48.000005Z - 1689 - root - INFO - added files: []
2019-10-29T09:46:48.000006Z - 1689 - root - INFO - deleted files: []
2019-10-29T09:46:48.000006Z - 1689 - root - INFO - modified files: ['/tmp/tmp0cLmIE/arjun/lhost.yml']
2019-10-29T09:46:48.000006Z - 1689 - root - INFO - conflict files: []
2019-10-29T09:46:48.000006Z - 1689 - root - INFO - unknown files: []
2019-10-29T09:46:48.000313Z - 1689 - root - INFO - revision: 55210
2019-10-29T10:21:15.000791Z - 1741 - root - ERROR - while updating the ARJUN error occured:
 'NoneType' object has no attribute 'group'
2019-10-29T10:21:16.000308Z - 1741 - root - ERROR - while updating the arjun error occured:
 'NoneType' object has no attribute 'group'
2019-10-29T10:40:31.000853Z - 1790 - root - ERROR - while updating the site ARJUN error occurred:
 'NoneType' object has no attribute 'group'
2019-10-29T10:40:32.000324Z - 1790 - root - ERROR - while updating the site arjun error occurred:
 'NoneType' object has no attribute 'group'
2019-10-29T10:42:27.000068Z - 1806 - root - ERROR - while updating the site ARJUN error occurred:
 expected string or buffer
2019-10-29T10:42:27.000570Z - 1806 - root - ERROR - while updating the site arjun error occurred:
 expected string or buffer
2019-10-29T10:54:15.000437Z - 1824 - root - INFO - added files: []
2019-10-29T10:54:15.000437Z - 1824 - root - INFO - deleted files: []
2019-10-29T10:54:15.000438Z - 1824 - root - INFO - modified files: ['/tmp/tmpDLcQw6/ARJUN/lhost.yml']
2019-10-29T10:54:15.000438Z - 1824 - root - INFO - conflict files: []
2019-10-29T10:54:15.000438Z - 1824 - root - INFO - unknown files: []
2019-10-29T10:54:15.000714Z - 1824 - root - INFO - revision: 55214
2019-10-29T10:54:16.000706Z - 1824 - root - INFO - added files: []
2019-10-29T10:54:16.000707Z - 1824 - root - INFO - deleted files: []
2019-10-29T10:54:16.000707Z - 1824 - root - INFO - modified files: ['/tmp/tmpoEweAs/arjun/lhost.yml']
2019-10-29T10:54:16.000707Z - 1824 - root - INFO - conflict files: []
2019-10-29T10:54:16.000707Z - 1824 - root - INFO - unknown files: []
2019-10-29T10:54:17.000008Z - 1824 - root - INFO - revision: 55215
2019-10-29T11:02:07.000361Z - 1866 - root - ERROR - while updating the site ARJUN error occurred:
 list indices must be integers, not str
2019-10-29T11:02:07.000845Z - 1866 - root - ERROR - while updating the site arjun error occurred:
 list indices must be integers, not str
2019-10-29T11:03:43.000304Z - 1884 - root - ERROR - while updating the site ARJUN error occurred:
 list indices must be integers, not str
2019-10-29T11:03:43.000814Z - 1884 - root - ERROR - while updating the site arjun error occurred:
 list indices must be integers, not str
2019-10-29T11:06:49.000930Z - 1899 - root - ERROR - while updating the site ARJUN error occurred:
 list indices must be integers, not str
2019-10-29T11:06:50.000418Z - 1899 - root - ERROR - while updating the site arjun error occurred:
 list indices must be integers, not str
2019-10-29T11:09:05.000079Z - 1914 - root - INFO - added files: []
2019-10-29T11:09:05.000079Z - 1914 - root - INFO - deleted files: []
2019-10-29T11:09:05.000079Z - 1914 - root - INFO - modified files: ['/tmp/tmpVzOhBD/ARJUN/lhost.yml']
2019-10-29T11:09:05.000079Z - 1914 - root - INFO - conflict files: []
2019-10-29T11:09:05.000079Z - 1914 - root - INFO - unknown files: []
2019-10-29T11:09:05.000340Z - 1914 - root - INFO - revision: 55217
2019-10-29T11:09:06.000301Z - 1914 - root - INFO - added files: []
2019-10-29T11:09:06.000301Z - 1914 - root - INFO - deleted files: []
2019-10-29T11:09:06.000301Z - 1914 - root - INFO - modified files: ['/tmp/tmpybGml_/arjun/lhost.yml']
2019-10-29T11:09:06.000301Z - 1914 - root - INFO - conflict files: []
2019-10-29T11:09:06.000301Z - 1914 - root - INFO - unknown files: []
2019-10-29T11:09:06.000521Z - 1914 - root - INFO - revision: 55218
2019-10-29T11:10:30.000000Z - 1939 - root - INFO - added files: []
2019-10-29T11:10:30.000000Z - 1939 - root - INFO - deleted files: []
2019-10-29T11:10:30.000000Z - 1939 - root - INFO - modified files: ['/tmp/tmpWgiXOo/ARJUN/lhost.yml']
2019-10-29T11:10:30.000000Z - 1939 - root - INFO - conflict files: []
2019-10-29T11:10:30.000000Z - 1939 - root - INFO - unknown files: []
2019-10-29T11:10:30.000243Z - 1939 - root - INFO - revision: 55219
2019-10-29T11:10:31.000268Z - 1939 - root - INFO - added files: []
2019-10-29T11:10:31.000268Z - 1939 - root - INFO - deleted files: []
2019-10-29T11:10:31.000268Z - 1939 - root - INFO - modified files: ['/tmp/tmpNtcVas/arjun/lhost.yml']
2019-10-29T11:10:31.000268Z - 1939 - root - INFO - conflict files: []
2019-10-29T11:10:31.000268Z - 1939 - root - INFO - unknown files: []
2019-10-29T11:10:31.000602Z - 1939 - root - INFO - revision: 55220
2019-10-29T11:12:15.000317Z - 1964 - root - INFO - added files: []
2019-10-29T11:12:15.000317Z - 1964 - root - INFO - deleted files: []
2019-10-29T11:12:15.000317Z - 1964 - root - INFO - modified files: ['/tmp/tmpHTv6qc/ARJUN/lhost.yml']
2019-10-29T11:12:15.000317Z - 1964 - root - INFO - conflict files: []
2019-10-29T11:12:15.000317Z - 1964 - root - INFO - unknown files: []
2019-10-29T11:12:15.000656Z - 1964 - root - INFO - revision: 55221
2019-10-29T11:12:16.000648Z - 1964 - root - INFO - added files: []
2019-10-29T11:12:16.000648Z - 1964 - root - INFO - deleted files: []
2019-10-29T11:12:16.000648Z - 1964 - root - INFO - modified files: ['/tmp/tmpI9XdnC/arjun/lhost.yml']
2019-10-29T11:12:16.000648Z - 1964 - root - INFO - conflict files: []
2019-10-29T11:12:16.000648Z - 1964 - root - INFO - unknown files: []
2019-10-29T11:12:16.000949Z - 1964 - root - INFO - revision: 55222
2019-10-29T11:14:47.000226Z - 1994 - root - ERROR - while updating the site ARJUN error occurred:
 LhostYmlFileChangerForMultipleSites instance has no attribute 'log_statius'
2019-10-29T11:14:47.000975Z - 1994 - root - ERROR - while updating the site arjun error occurred:
 LhostYmlFileChangerForMultipleSites instance has no attribute 'log_statius'
2019-10-29T11:17:07.000732Z - 2015 - root - ERROR - while updating the site SUN02 error occurred:
 LhostYmlFileChangerForMultipleSites instance has no attribute 'log_statius'
2019-10-29T11:17:08.000733Z - 2015 - root - ERROR - while updating the site sun02 error occurred:
 LhostYmlFileChangerForMultipleSites instance has no attribute 'log_statius'
2019-10-29T11:19:01.000254Z - 2035 - root - INFO - added files: []
2019-10-29T11:19:01.000254Z - 2035 - root - INFO - deleted files: []
2019-10-29T11:19:01.000254Z - 2035 - root - INFO - modified files: ['/tmp/tmpUDlSxP/SUN02/lhost.yml']
2019-10-29T11:19:01.000254Z - 2035 - root - INFO - conflict files: []
2019-10-29T11:19:01.000254Z - 2035 - root - INFO - unknown files: []
2019-10-29T11:19:01.000611Z - 2035 - root - INFO - revision: 55223
2019-10-29T11:19:02.000951Z - 2035 - root - INFO - added files: []
2019-10-29T11:19:02.000951Z - 2035 - root - INFO - deleted files: []
2019-10-29T11:19:02.000951Z - 2035 - root - INFO - modified files: ['/tmp/tmpRuD4JQ/sun02/lhost.yml']
2019-10-29T11:19:02.000951Z - 2035 - root - INFO - conflict files: []
2019-10-29T11:19:02.000952Z - 2035 - root - INFO - unknown files: []
2019-10-29T11:19:03.000337Z - 2035 - root - INFO - revision: 55224
2019-10-29T11:23:33.000007Z - 2061 - root - INFO - added files: []
2019-10-29T11:23:33.000008Z - 2061 - root - INFO - deleted files: []
2019-10-29T11:23:33.000008Z - 2061 - root - INFO - modified files: ['/tmp/tmpegtzsh/SUN02/lhost.yml']
2019-10-29T11:23:33.000008Z - 2061 - root - INFO - conflict files: []
2019-10-29T11:23:33.000008Z - 2061 - root - INFO - unknown files: []
2019-10-29T11:23:33.000334Z - 2061 - root - INFO - revision: 55225
2019-10-29T11:23:34.000775Z - 2061 - root - INFO - added files: []
2019-10-29T11:23:34.000775Z - 2061 - root - INFO - deleted files: []
2019-10-29T11:23:34.000776Z - 2061 - root - INFO - modified files: ['/tmp/tmpIPIbk4/sun02/lhost.yml']
2019-10-29T11:23:34.000776Z - 2061 - root - INFO - conflict files: []
2019-10-29T11:23:34.000776Z - 2061 - root - INFO - unknown files: []
2019-10-29T11:23:35.000007Z - 2061 - root - INFO - revision: 55226
2019-10-29T11:29:06.000228Z - 2087 - root - INFO - added files: []
2019-10-29T11:29:06.000228Z - 2087 - root - INFO - deleted files: []
2019-10-29T11:29:06.000228Z - 2087 - root - INFO - modified files: ['/tmp/tmpSQQty0/SUN02/lhost.yml']
2019-10-29T11:29:06.000228Z - 2087 - root - INFO - conflict files: []
2019-10-29T11:29:06.000228Z - 2087 - root - INFO - unknown files: []
2019-10-29T11:29:06.000587Z - 2087 - root - INFO - revision: 55227
2019-10-29T11:29:07.000831Z - 2087 - root - INFO - added files: []
2019-10-29T11:29:07.000831Z - 2087 - root - INFO - deleted files: []
2019-10-29T11:29:07.000831Z - 2087 - root - INFO - modified files: ['/tmp/tmpA8CmRW/sun02/lhost.yml']
2019-10-29T11:29:07.000831Z - 2087 - root - INFO - conflict files: []
2019-10-29T11:29:07.000831Z - 2087 - root - INFO - unknown files: []
2019-10-29T11:29:08.000134Z - 2087 - root - INFO - revision: 55228
2019-10-29T11:32:56.000710Z - 2113 - root - ERROR - while updating the site ARJUN error occurred:
 string indices must be integers, not str
2019-10-29T11:32:57.000187Z - 2113 - root - ERROR - while updating the site arjun error occurred:
 string indices must be integers, not str
2019-10-29T11:40:55.000373Z - 2132 - root - ERROR - while updating the site ARJUN error occurred:
 list indices must be integers, not dict
2019-10-29T11:40:55.000850Z - 2132 - root - ERROR - while updating the site arjun error occurred:
 list indices must be integers, not dict
2019-10-29T11:42:20.000563Z - 2147 - root - INFO - added files: []
2019-10-29T11:42:20.000563Z - 2147 - root - INFO - deleted files: []
2019-10-29T11:42:20.000563Z - 2147 - root - INFO - modified files: ['/tmp/tmpKLZWb9/ARJUN/lhost.yml']
2019-10-29T11:42:20.000564Z - 2147 - root - INFO - conflict files: []
2019-10-29T11:42:20.000564Z - 2147 - root - INFO - unknown files: []
2019-10-29T11:42:20.000846Z - 2147 - root - INFO - revision: 55229
2019-10-29T11:42:21.000759Z - 2147 - root - INFO - added files: []
2019-10-29T11:42:21.000760Z - 2147 - root - INFO - deleted files: []
2019-10-29T11:42:21.000760Z - 2147 - root - INFO - modified files: ['/tmp/tmpKewEh5/arjun/lhost.yml']
2019-10-29T11:42:21.000760Z - 2147 - root - INFO - conflict files: []
2019-10-29T11:42:21.000760Z - 2147 - root - INFO - unknown files: []
2019-10-29T11:42:21.000985Z - 2147 - root - INFO - revision: 55230
2019-10-29T11:44:00.000232Z - 2173 - root - INFO - added files: []
2019-10-29T11:44:00.000232Z - 2173 - root - INFO - deleted files: []
2019-10-29T11:44:00.000232Z - 2173 - root - INFO - modified files: ['/tmp/tmpR6YNxL/ARJUN/lhost.yml']
2019-10-29T11:44:00.000232Z - 2173 - root - INFO - conflict files: []
2019-10-29T11:44:00.000232Z - 2173 - root - INFO - unknown files: []
2019-10-29T11:44:00.000555Z - 2173 - root - INFO - revision: 55231
2019-10-29T11:44:01.000525Z - 2173 - root - INFO - added files: []
2019-10-29T11:44:01.000525Z - 2173 - root - INFO - deleted files: []
2019-10-29T11:44:01.000525Z - 2173 - root - INFO - modified files: ['/tmp/tmp0AP3zT/arjun/lhost.yml']
2019-10-29T11:44:01.000525Z - 2173 - root - INFO - conflict files: []
2019-10-29T11:44:01.000525Z - 2173 - root - INFO - unknown files: []
2019-10-29T11:44:01.000779Z - 2173 - root - INFO - revision: 55232
2019-10-29T11:45:04.000160Z - 2200 - root - INFO - added files: []
2019-10-29T11:45:04.000160Z - 2200 - root - INFO - deleted files: []
2019-10-29T11:45:04.000160Z - 2200 - root - INFO - modified files: ['/tmp/tmpYnRVbe/SUN02/lhost.yml']
2019-10-29T11:45:04.000160Z - 2200 - root - INFO - conflict files: []
2019-10-29T11:45:04.000160Z - 2200 - root - INFO - unknown files: []
2019-10-29T11:45:04.000510Z - 2200 - root - INFO - revision: 55233
2019-10-29T11:45:05.000720Z - 2200 - root - INFO - added files: []
2019-10-29T11:45:05.000720Z - 2200 - root - INFO - deleted files: []
2019-10-29T11:45:05.000720Z - 2200 - root - INFO - modified files: ['/tmp/tmpOBHSAE/sun02/lhost.yml']
2019-10-29T11:45:05.000720Z - 2200 - root - INFO - conflict files: []
2019-10-29T11:45:05.000721Z - 2200 - root - INFO - unknown files: []
2019-10-29T11:45:06.000119Z - 2200 - root - INFO - revision: 55234
2019-10-29T11:56:02.000732Z - 2230 - root - ERROR - while updating the site SUN02 error occurred:
 string indices must be integers, not str
2019-10-29T11:56:03.000420Z - 2230 - root - ERROR - while updating the site sun02 error occurred:
 string indices must be integers, not str
2019-10-29T11:58:36.000987Z - 2248 - root - ERROR - while updating the site SUN02 error occurred:
 string indices must be integers, not str
2019-10-29T11:58:37.000673Z - 2248 - root - ERROR - while updating the site sun02 error occurred:
 string indices must be integers, not str
2019-10-29T12:00:06.000822Z - 2262 - root - ERROR - while updating the site SUN02 error occurred:
 string indices must be integers, not str
2019-10-29T12:00:07.000538Z - 2262 - root - ERROR - while updating the site sun02 error occurred:
 string indices must be integers, not str
2019-10-29T12:03:33.000174Z - 2291 - root - ERROR - while updating the site SUN02 error occurred:
 string indices must be integers, not str
2019-10-29T12:03:33.000947Z - 2291 - root - ERROR - while updating the site sun02 error occurred:
 string indices must be integers, not str
2019-10-29T12:05:56.000173Z - 2306 - root - ERROR - while updating the site SUN02 error occurred:
 'int' object is not iterable
2019-10-29T12:05:56.000847Z - 2306 - root - ERROR - while updating the site sun02 error occurred:
 'int' object is not iterable
2019-10-29T12:07:01.000871Z - 2321 - root - ERROR - while updating the site SUN02 error occurred:
 'int' object is not iterable
2019-10-29T12:07:02.000558Z - 2321 - root - ERROR - while updating the site sun02 error occurred:
 'int' object is not iterable
2019-10-29T12:08:07.000263Z - 2336 - root - ERROR - while updating the site SUN02 error occurred:
 'int' object is not iterable
2019-10-29T12:08:07.000953Z - 2336 - root - ERROR - while updating the site sun02 error occurred:
 'int' object is not iterable
2019-10-29T12:09:04.000984Z - 2352 - root - ERROR - while updating the site SUN02 error occurred:
 0
2019-10-29T12:09:05.000664Z - 2352 - root - ERROR - while updating the site sun02 error occurred:
 0
2019-10-29T12:10:11.000974Z - 2367 - root - ERROR - while updating the site SUN02 error occurred:
 string indices must be integers, not str
2019-10-29T12:10:12.000687Z - 2367 - root - ERROR - while updating the site sun02 error occurred:
 string indices must be integers, not str
2019-10-29T12:11:45.000503Z - 2382 - root - ERROR - while updating the site SUN02 error occurred:
 string indices must be integers, not str
2019-10-29T12:11:46.000176Z - 2382 - root - ERROR - while updating the site sun02 error occurred:
 string indices must be integers, not str
2019-10-29T12:15:04.000886Z - 2399 - root - ERROR - while updating the site ARJUN error occurred:
 string indices must be integers, not str
2019-10-29T12:15:05.000708Z - 2399 - root - ERROR - while updating the site SUN02 error occurred:
 string indices must be integers, not str
2019-10-29T12:15:06.000256Z - 2399 - root - ERROR - while updating the site arjun error occurred:
 string indices must be integers, not str
2019-10-29T12:15:06.000967Z - 2399 - root - ERROR - while updating the site sun02 error occurred:
 string indices must be integers, not str
2019-10-29T12:19:07.000383Z - 2419 - root - ERROR - while updating the site ARJUN error occurred:
 string indices must be integers, not str
2019-10-29T12:19:08.000256Z - 2419 - root - ERROR - while updating the site SUN02 error occurred:
 0
2019-10-29T12:19:08.000784Z - 2419 - root - ERROR - while updating the site arjun error occurred:
 string indices must be integers, not str
2019-10-29T12:19:09.000495Z - 2419 - root - ERROR - while updating the site sun02 error occurred:
 0
2019-10-29T12:20:06.000955Z - 2438 - root - ERROR - while updating the site ARJUN error occurred:
 string indices must be integers, not str
2019-10-29T12:20:07.000812Z - 2438 - root - ERROR - while updating the site SUN02 error occurred:
 0
2019-10-29T12:20:08.000387Z - 2438 - root - ERROR - while updating the site arjun error occurred:
 string indices must be integers, not str
2019-10-29T12:20:09.000080Z - 2438 - root - ERROR - while updating the site sun02 error occurred:
 0
2019-10-29T12:21:33.000321Z - 2457 - root - INFO - added files: []
2019-10-29T12:21:33.000321Z - 2457 - root - INFO - deleted files: []
2019-10-29T12:21:33.000321Z - 2457 - root - INFO - modified files: ['/tmp/tmp2_JvoC/ARJUN/lhost.yml']
2019-10-29T12:21:33.000321Z - 2457 - root - INFO - conflict files: []
2019-10-29T12:21:33.000321Z - 2457 - root - INFO - unknown files: []
2019-10-29T12:21:33.000663Z - 2457 - root - INFO - revision: 55235
2019-10-29T12:21:34.000638Z - 2457 - root - ERROR - while updating the site SUN02 error occurred:
 0
2019-10-29T12:21:35.000599Z - 2457 - root - INFO - added files: []
2019-10-29T12:21:35.000599Z - 2457 - root - INFO - deleted files: []
2019-10-29T12:21:35.000599Z - 2457 - root - INFO - modified files: ['/tmp/tmpZZdhyF/arjun/lhost.yml']
2019-10-29T12:21:35.000600Z - 2457 - root - INFO - conflict files: []
2019-10-29T12:21:35.000600Z - 2457 - root - INFO - unknown files: []
2019-10-29T12:21:35.000929Z - 2457 - root - INFO - revision: 55236
2019-10-29T12:21:36.000702Z - 2457 - root - ERROR - while updating the site sun02 error occurred:
 0
2019-10-29T12:22:53.000980Z - 2488 - root - ERROR - while updating the site ARJUN error occurred:
 string indices must be integers, not str
2019-10-29T12:22:54.000806Z - 2488 - root - ERROR - while updating the site SUN02 error occurred:
 0
2019-10-29T12:22:55.000291Z - 2488 - root - ERROR - while updating the site arjun error occurred:
 string indices must be integers, not str
2019-10-29T12:22:55.000976Z - 2488 - root - ERROR - while updating the site sun02 error occurred:
 0
2019-10-29T12:24:11.000626Z - 2509 - root - ERROR - while updating the site ARJUN error occurred:
 string indices must be integers, not str
2019-10-29T12:24:12.000435Z - 2509 - root - ERROR - while updating the site SUN02 error occurred:
 string indices must be integers, not str
2019-10-29T12:24:12.000952Z - 2509 - root - ERROR - while updating the site arjun error occurred:
 string indices must be integers, not str
2019-10-29T12:24:13.000625Z - 2509 - root - ERROR - while updating the site sun02 error occurred:
 string indices must be integers, not str
2019-10-29T12:25:31.000659Z - 2527 - root - ERROR - while updating the site ARJUN error occurred:
 string indices must be integers, not str
2019-10-29T12:25:32.000503Z - 2527 - root - ERROR - while updating the site SUN02 error occurred:
 string indices must be integers, not str
2019-10-29T12:25:32.000991Z - 2527 - root - ERROR - while updating the site arjun error occurred:
 string indices must be integers, not str
2019-10-29T12:25:33.000702Z - 2527 - root - ERROR - while updating the site sun02 error occurred:
 string indices must be integers, not str
2019-10-29T12:26:45.000800Z - 2545 - root - ERROR - while updating the site ARJUN error occurred:
 string indices must be integers, not str
2019-10-29T12:26:46.000625Z - 2545 - root - ERROR - while updating the site SUN02 error occurred:
 string indices must be integers, not str
2019-10-29T12:26:47.000131Z - 2545 - root - ERROR - while updating the site arjun error occurred:
 string indices must be integers, not str
2019-10-29T12:26:47.000869Z - 2545 - root - ERROR - while updating the site sun02 error occurred:
 string indices must be integers, not str
2019-10-29T12:27:45.000612Z - 2563 - root - ERROR - while updating the site ARJUN error occurred:
 string indices must be integers, not str
2019-10-29T12:27:46.000450Z - 2563 - root - ERROR - while updating the site SUN02 error occurred:
 string indices must be integers, not str
2019-10-29T12:27:46.000968Z - 2563 - root - ERROR - while updating the site arjun error occurred:
 string indices must be integers, not str
2019-10-29T12:27:47.000666Z - 2563 - root - ERROR - while updating the site sun02 error occurred:
 string indices must be integers, not str
2019-10-29T12:29:06.000260Z - 2583 - root - INFO - added files: []
2019-10-29T12:29:06.000260Z - 2583 - root - INFO - deleted files: []
2019-10-29T12:29:06.000260Z - 2583 - root - INFO - modified files: ['/tmp/tmpRjrG0X/ARJUN/lhost.yml']
2019-10-29T12:29:06.000260Z - 2583 - root - INFO - conflict files: []
2019-10-29T12:29:06.000260Z - 2583 - root - INFO - unknown files: []
2019-10-29T12:29:06.000588Z - 2583 - root - INFO - revision: 55237
2019-10-29T12:29:08.000033Z - 2583 - root - INFO - added files: []
2019-10-29T12:29:08.000033Z - 2583 - root - INFO - deleted files: []
2019-10-29T12:29:08.000033Z - 2583 - root - INFO - modified files: ['/tmp/tmpq11FUG/SUN02/lhost.yml']
2019-10-29T12:29:08.000033Z - 2583 - root - INFO - conflict files: []
2019-10-29T12:29:08.000033Z - 2583 - root - INFO - unknown files: []
2019-10-29T12:29:08.000349Z - 2583 - root - INFO - revision: 55238
2019-10-29T12:29:09.000275Z - 2583 - root - INFO - added files: []
2019-10-29T12:29:09.000275Z - 2583 - root - INFO - deleted files: []
2019-10-29T12:29:09.000275Z - 2583 - root - INFO - modified files: ['/tmp/tmpm3YHm3/arjun/lhost.yml']
2019-10-29T12:29:09.000275Z - 2583 - root - INFO - conflict files: []
2019-10-29T12:29:09.000275Z - 2583 - root - INFO - unknown files: []
2019-10-29T12:29:09.000915Z - 2583 - root - INFO - revision: 55239
2019-10-29T12:29:11.000246Z - 2583 - root - INFO - added files: []
2019-10-29T12:29:11.000246Z - 2583 - root - INFO - deleted files: []
2019-10-29T12:29:11.000246Z - 2583 - root - INFO - modified files: ['/tmp/tmpq4qSCB/sun02/lhost.yml']
2019-10-29T12:29:11.000246Z - 2583 - root - INFO - conflict files: []
2019-10-29T12:29:11.000246Z - 2583 - root - INFO - unknown files: []
2019-10-29T12:29:11.000526Z - 2583 - root - INFO - revision: 55240
2019-10-29T12:30:21.000475Z - 2626 - root - INFO - added files: []
2019-10-29T12:30:21.000475Z - 2626 - root - INFO - deleted files: []
2019-10-29T12:30:21.000475Z - 2626 - root - INFO - modified files: ['/tmp/tmpwKkXfY/ARJUN/lhost.yml']
2019-10-29T12:30:21.000475Z - 2626 - root - INFO - conflict files: []
2019-10-29T12:30:21.000476Z - 2626 - root - INFO - unknown files: []
2019-10-29T12:30:21.000693Z - 2626 - root - INFO - revision: 55241
2019-10-29T12:30:23.000120Z - 2626 - root - INFO - added files: []
2019-10-29T12:30:23.000120Z - 2626 - root - INFO - deleted files: []
2019-10-29T12:30:23.000120Z - 2626 - root - INFO - modified files: ['/tmp/tmpio4TNz/SUN02/lhost.yml']
2019-10-29T12:30:23.000120Z - 2626 - root - INFO - conflict files: []
2019-10-29T12:30:23.000120Z - 2626 - root - INFO - unknown files: []
2019-10-29T12:30:23.000465Z - 2626 - root - INFO - revision: 55242
2019-10-29T12:30:24.000411Z - 2626 - root - INFO - added files: []
2019-10-29T12:30:24.000412Z - 2626 - root - INFO - deleted files: []
2019-10-29T12:30:24.000412Z - 2626 - root - INFO - modified files: ['/tmp/tmpiFaM4c/arjun/lhost.yml']
2019-10-29T12:30:24.000412Z - 2626 - root - INFO - conflict files: []
2019-10-29T12:30:24.000412Z - 2626 - root - INFO - unknown files: []
2019-10-29T12:30:24.000785Z - 2626 - root - INFO - revision: 55243
2019-10-29T12:30:26.000062Z - 2626 - root - INFO - added files: []
2019-10-29T12:30:26.000062Z - 2626 - root - INFO - deleted files: []
2019-10-29T12:30:26.000062Z - 2626 - root - INFO - modified files: ['/tmp/tmpd6Sdci/sun02/lhost.yml']
2019-10-29T12:30:26.000062Z - 2626 - root - INFO - conflict files: []
2019-10-29T12:30:26.000062Z - 2626 - root - INFO - unknown files: []
2019-10-29T12:30:26.000336Z - 2626 - root - INFO - revision: 55244
2019-10-29T12:34:52.000198Z - 2669 - root - INFO - added files: []
2019-10-29T12:34:52.000199Z - 2669 - root - INFO - deleted files: []
2019-10-29T12:34:52.000199Z - 2669 - root - INFO - modified files: ['/tmp/tmpUseXbt/ARJUN/lhost.yml']
2019-10-29T12:34:52.000199Z - 2669 - root - INFO - conflict files: []
2019-10-29T12:34:52.000199Z - 2669 - root - INFO - unknown files: []
2019-10-29T12:34:52.000456Z - 2669 - root - INFO - revision: 55245
2019-10-29T12:34:53.000308Z - 2669 - root - ERROR - while updating the site SUN02 error occurred:
 0
2019-10-29T12:34:54.000280Z - 2669 - root - INFO - added files: []
2019-10-29T12:34:54.000280Z - 2669 - root - INFO - deleted files: []
2019-10-29T12:34:54.000280Z - 2669 - root - INFO - modified files: ['/tmp/tmpA4B_UP/arjun/lhost.yml']
2019-10-29T12:34:54.000280Z - 2669 - root - INFO - conflict files: []
2019-10-29T12:34:54.000280Z - 2669 - root - INFO - unknown files: []
2019-10-29T12:34:54.000837Z - 2669 - root - INFO - revision: 55246
2019-10-29T12:34:55.000618Z - 2669 - root - ERROR - while updating the site sun02 error occurred:
 0
2019-10-29T12:37:46.000256Z - 2702 - root - INFO - added files: []
2019-10-29T12:37:46.000257Z - 2702 - root - INFO - deleted files: []
2019-10-29T12:37:46.000257Z - 2702 - root - INFO - modified files: ['/tmp/tmp1BCpxe/ARJUN/lhost.yml']
2019-10-29T12:37:46.000257Z - 2702 - root - INFO - conflict files: []
2019-10-29T12:37:46.000257Z - 2702 - root - INFO - unknown files: []
2019-10-29T12:37:46.000454Z - 2702 - root - INFO - revision: 55247
2019-10-29T12:37:47.000300Z - 2702 - root - ERROR - while updating the site SUN02 error occurred:
 0
2019-10-29T12:37:48.000174Z - 2702 - root - INFO - added files: []
2019-10-29T12:37:48.000174Z - 2702 - root - INFO - deleted files: []
2019-10-29T12:37:48.000174Z - 2702 - root - INFO - modified files: ['/tmp/tmpYn3rss/arjun/lhost.yml']
2019-10-29T12:37:48.000174Z - 2702 - root - INFO - conflict files: []
2019-10-29T12:37:48.000174Z - 2702 - root - INFO - unknown files: []
2019-10-29T12:37:48.000416Z - 2702 - root - INFO - revision: 55248
2019-10-29T12:37:49.000148Z - 2702 - root - ERROR - while updating the site sun02 error occurred:
 0
2019-10-29T12:38:22.000142Z - 2731 - root - INFO - added files: []
2019-10-29T12:38:22.000142Z - 2731 - root - INFO - deleted files: []
2019-10-29T12:38:22.000142Z - 2731 - root - INFO - modified files: ['/tmp/tmphcim23/ARJUN/lhost.yml']
2019-10-29T12:38:22.000142Z - 2731 - root - INFO - conflict files: []
2019-10-29T12:38:22.000142Z - 2731 - root - INFO - unknown files: []
2019-10-29T12:38:22.000412Z - 2731 - root - INFO - revision: 55249
2019-10-29T12:38:23.000272Z - 2731 - root - ERROR - while updating the site SUN02 error occurred:
 0
2019-10-29T12:38:24.000187Z - 2731 - root - INFO - added files: []
2019-10-29T12:38:24.000187Z - 2731 - root - INFO - deleted files: []
2019-10-29T12:38:24.000187Z - 2731 - root - INFO - modified files: ['/tmp/tmpMQ7K9K/arjun/lhost.yml']
2019-10-29T12:38:24.000187Z - 2731 - root - INFO - conflict files: []
2019-10-29T12:38:24.000187Z - 2731 - root - INFO - unknown files: []
2019-10-29T12:38:24.000468Z - 2731 - root - INFO - revision: 55250
2019-10-29T12:38:25.000191Z - 2731 - root - ERROR - while updating the site sun02 error occurred:
 0
2019-10-29T12:40:04.000358Z - 2761 - root - INFO - added files: []
2019-10-29T12:40:04.000359Z - 2761 - root - INFO - deleted files: []
2019-10-29T12:40:04.000359Z - 2761 - root - INFO - modified files: ['/tmp/tmpCqg8GN/ARJUN/lhost.yml']
2019-10-29T12:40:04.000359Z - 2761 - root - INFO - conflict files: []
2019-10-29T12:40:04.000359Z - 2761 - root - INFO - unknown files: []
2019-10-29T12:40:04.000638Z - 2761 - root - INFO - revision: 55251
2019-10-29T12:40:05.000615Z - 2761 - root - ERROR - while updating the site SUN02 error occurred:
 0
2019-10-29T12:40:06.000589Z - 2761 - root - INFO - added files: []
2019-10-29T12:40:06.000590Z - 2761 - root - INFO - deleted files: []
2019-10-29T12:40:06.000590Z - 2761 - root - INFO - modified files: ['/tmp/tmpwengWI/arjun/lhost.yml']
2019-10-29T12:40:06.000590Z - 2761 - root - INFO - conflict files: []
2019-10-29T12:40:06.000590Z - 2761 - root - INFO - unknown files: []
2019-10-29T12:40:06.000914Z - 2761 - root - INFO - revision: 55252
2019-10-29T12:40:07.000682Z - 2761 - root - ERROR - while updating the site sun02 error occurred:
 0
2019-10-29T12:41:14.000065Z - 2792 - root - INFO - added files: []
2019-10-29T12:41:14.000065Z - 2792 - root - INFO - deleted files: []
2019-10-29T12:41:14.000065Z - 2792 - root - INFO - modified files: ['/tmp/tmpOKl9mf/ARJUN/lhost.yml']
2019-10-29T12:41:14.000065Z - 2792 - root - INFO - conflict files: []
2019-10-29T12:41:14.000065Z - 2792 - root - INFO - unknown files: []
2019-10-29T12:41:14.000321Z - 2792 - root - INFO - revision: 55253
2019-10-29T12:41:15.000151Z - 2792 - root - ERROR - while updating the site SUN02 error occurred:
 0
2019-10-29T12:41:16.000150Z - 2792 - root - INFO - added files: []
2019-10-29T12:41:16.000151Z - 2792 - root - INFO - deleted files: []
2019-10-29T12:41:16.000151Z - 2792 - root - INFO - modified files: ['/tmp/tmpF6sGQr/arjun/lhost.yml']
2019-10-29T12:41:16.000151Z - 2792 - root - INFO - conflict files: []
2019-10-29T12:41:16.000151Z - 2792 - root - INFO - unknown files: []
2019-10-29T12:41:16.000435Z - 2792 - root - INFO - revision: 55254
2019-10-29T12:41:17.000145Z - 2792 - root - ERROR - while updating the site sun02 error occurred:
 0
2019-10-29T12:43:16.000948Z - 2824 - root - INFO - added files: []
2019-10-29T12:43:16.000949Z - 2824 - root - INFO - deleted files: []
2019-10-29T12:43:16.000949Z - 2824 - root - INFO - modified files: ['/tmp/tmpGEqSLn/ARJUN/lhost.yml']
2019-10-29T12:43:16.000949Z - 2824 - root - INFO - conflict files: []
2019-10-29T12:43:16.000949Z - 2824 - root - INFO - unknown files: []
2019-10-29T12:43:17.000271Z - 2824 - root - INFO - revision: 55255
2019-10-29T12:43:18.000656Z - 2824 - root - INFO - added files: []
2019-10-29T12:43:18.000656Z - 2824 - root - INFO - deleted files: []
2019-10-29T12:43:18.000657Z - 2824 - root - INFO - modified files: ['/tmp/tmp_wO__o/SUN02/lhost.yml']
2019-10-29T12:43:18.000657Z - 2824 - root - INFO - conflict files: []
2019-10-29T12:43:18.000657Z - 2824 - root - INFO - unknown files: []
2019-10-29T12:43:19.000006Z - 2824 - root - INFO - revision: 55256
2019-10-29T12:43:19.000967Z - 2824 - root - INFO - added files: []
2019-10-29T12:43:19.000968Z - 2824 - root - INFO - deleted files: []
2019-10-29T12:43:19.000968Z - 2824 - root - INFO - modified files: ['/tmp/tmpuGOGHa/arjun/lhost.yml']
2019-10-29T12:43:19.000968Z - 2824 - root - INFO - conflict files: []
2019-10-29T12:43:19.000968Z - 2824 - root - INFO - unknown files: []
2019-10-29T12:43:20.000314Z - 2824 - root - INFO - revision: 55257
2019-10-29T12:43:21.000597Z - 2824 - root - INFO - added files: []
2019-10-29T12:43:21.000597Z - 2824 - root - INFO - deleted files: []
2019-10-29T12:43:21.000597Z - 2824 - root - INFO - modified files: ['/tmp/tmpKEQeFm/sun02/lhost.yml']
2019-10-29T12:43:21.000597Z - 2824 - root - INFO - conflict files: []
2019-10-29T12:43:21.000597Z - 2824 - root - INFO - unknown files: []
2019-10-29T12:43:21.000945Z - 2824 - root - INFO - revision: 55258
2019-10-29T12:46:10.000896Z - 2866 - root - INFO - added files: []
2019-10-29T12:46:10.000896Z - 2866 - root - INFO - deleted files: []
2019-10-29T12:46:10.000896Z - 2866 - root - INFO - modified files: ['/tmp/tmpKi200X/ARJUN/lhost.yml']
2019-10-29T12:46:10.000896Z - 2866 - root - INFO - conflict files: []
2019-10-29T12:46:10.000897Z - 2866 - root - INFO - unknown files: []
2019-10-29T12:46:11.000194Z - 2866 - root - INFO - revision: 55259
2019-10-29T12:46:12.000060Z - 2866 - root - ERROR - while updating the site SUN02 error occurred:
 0
2019-10-29T12:46:13.000012Z - 2866 - root - INFO - added files: []
2019-10-29T12:46:13.000012Z - 2866 - root - INFO - deleted files: []
2019-10-29T12:46:13.000013Z - 2866 - root - INFO - modified files: ['/tmp/tmpd0w5cr/arjun/lhost.yml']
2019-10-29T12:46:13.000013Z - 2866 - root - INFO - conflict files: []
2019-10-29T12:46:13.000013Z - 2866 - root - INFO - unknown files: []
2019-10-29T12:46:13.000289Z - 2866 - root - INFO - revision: 55260
2019-10-29T12:46:14.000052Z - 2866 - root - ERROR - while updating the site sun02 error occurred:
 0
2019-10-29T12:47:20.000228Z - 2895 - root - INFO - added files: []
2019-10-29T12:47:20.000228Z - 2895 - root - INFO - deleted files: []
2019-10-29T12:47:20.000228Z - 2895 - root - INFO - modified files: ['/tmp/tmpwNnbTZ/ARJUN/lhost.yml']
2019-10-29T12:47:20.000229Z - 2895 - root - INFO - conflict files: []
2019-10-29T12:47:20.000229Z - 2895 - root - INFO - unknown files: []
2019-10-29T12:47:20.000514Z - 2895 - root - INFO - revision: 55261
2019-10-29T12:47:21.000891Z - 2895 - root - INFO - added files: []
2019-10-29T12:47:21.000891Z - 2895 - root - INFO - deleted files: []
2019-10-29T12:47:21.000891Z - 2895 - root - INFO - modified files: ['/tmp/tmpN_pD_V/SUN02/lhost.yml']
2019-10-29T12:47:21.000891Z - 2895 - root - INFO - conflict files: []
2019-10-29T12:47:21.000891Z - 2895 - root - INFO - unknown files: []
2019-10-29T12:47:22.000187Z - 2895 - root - INFO - revision: 55262
2019-10-29T12:47:23.000191Z - 2895 - root - INFO - added files: []
2019-10-29T12:47:23.000191Z - 2895 - root - INFO - deleted files: []
2019-10-29T12:47:23.000191Z - 2895 - root - INFO - modified files: ['/tmp/tmpRuUBVz/arjun/lhost.yml']
2019-10-29T12:47:23.000191Z - 2895 - root - INFO - conflict files: []
2019-10-29T12:47:23.000192Z - 2895 - root - INFO - unknown files: []
2019-10-29T12:47:23.000462Z - 2895 - root - INFO - revision: 55263
2019-10-29T12:47:24.000756Z - 2895 - root - INFO - added files: []
2019-10-29T12:47:24.000756Z - 2895 - root - INFO - deleted files: []
2019-10-29T12:47:24.000756Z - 2895 - root - INFO - modified files: ['/tmp/tmppZiBjq/sun02/lhost.yml']
2019-10-29T12:47:24.000756Z - 2895 - root - INFO - conflict files: []
2019-10-29T12:47:24.000756Z - 2895 - root - INFO - unknown files: []
2019-10-29T12:47:25.000048Z - 2895 - root - INFO - revision: 55264
2019-10-29T12:58:21.000196Z - 2954 - root - INFO - added files: []
2019-10-29T12:58:21.000196Z - 2954 - root - INFO - deleted files: []
2019-10-29T12:58:21.000196Z - 2954 - root - INFO - modified files: ['/tmp/tmpriV9V5/ARJUN/lhost.yml']
2019-10-29T12:58:21.000196Z - 2954 - root - INFO - conflict files: []
2019-10-29T12:58:21.000196Z - 2954 - root - INFO - unknown files: []
2019-10-29T12:58:21.000492Z - 2954 - root - INFO - revision: 55265
2019-10-29T12:58:22.000972Z - 2954 - root - INFO - added files: []
2019-10-29T12:58:22.000972Z - 2954 - root - INFO - deleted files: []
2019-10-29T12:58:22.000972Z - 2954 - root - INFO - modified files: ['/tmp/tmp75PEmo/SUN02/lhost.yml']
2019-10-29T12:58:22.000972Z - 2954 - root - INFO - conflict files: []
2019-10-29T12:58:22.000972Z - 2954 - root - INFO - unknown files: []
2019-10-29T12:58:23.000245Z - 2954 - root - INFO - revision: 55266
2019-10-29T12:58:24.000208Z - 2954 - root - INFO - added files: []
2019-10-29T12:58:24.000208Z - 2954 - root - INFO - deleted files: []
2019-10-29T12:58:24.000208Z - 2954 - root - INFO - modified files: ['/tmp/tmpXMcMmi/arjun/lhost.yml']
2019-10-29T12:58:24.000208Z - 2954 - root - INFO - conflict files: []
2019-10-29T12:58:24.000208Z - 2954 - root - INFO - unknown files: []
2019-10-29T12:58:24.000500Z - 2954 - root - INFO - revision: 55267
2019-10-29T12:58:25.000781Z - 2954 - root - INFO - added files: []
2019-10-29T12:58:25.000781Z - 2954 - root - INFO - deleted files: []
2019-10-29T12:58:25.000781Z - 2954 - root - INFO - modified files: ['/tmp/tmpTJSKPD/sun02/lhost.yml']
2019-10-29T12:58:25.000781Z - 2954 - root - INFO - conflict files: []
2019-10-29T12:58:25.000781Z - 2954 - root - INFO - unknown files: []
2019-10-29T12:58:26.000045Z - 2954 - root - INFO - revision: 55268
2019-10-29T13:32:17.000947Z - 3017 - root - INFO - added files: []
2019-10-29T13:32:17.000948Z - 3017 - root - INFO - deleted files: []
2019-10-29T13:32:17.000948Z - 3017 - root - INFO - modified files: ['/tmp/tmpzKDpr6/ARJUN/lhost.yml']
2019-10-29T13:32:17.000948Z - 3017 - root - INFO - conflict files: []
2019-10-29T13:32:17.000948Z - 3017 - root - INFO - unknown files: []
2019-10-29T13:32:18.000215Z - 3017 - root - INFO - revision: 55271
2019-10-29T13:32:19.000674Z - 3017 - root - INFO - added files: []
2019-10-29T13:32:19.000674Z - 3017 - root - INFO - deleted files: []
2019-10-29T13:32:19.000674Z - 3017 - root - INFO - modified files: ['/tmp/tmpfAM8d4/SUN02/lhost.yml']
2019-10-29T13:32:19.000674Z - 3017 - root - INFO - conflict files: []
2019-10-29T13:32:19.000674Z - 3017 - root - INFO - unknown files: []
2019-10-29T13:32:19.000895Z - 3017 - root - INFO - revision: 55272
2019-10-29T13:32:20.000844Z - 3017 - root - INFO - added files: []
2019-10-29T13:32:20.000845Z - 3017 - root - INFO - deleted files: []
2019-10-29T13:32:20.000845Z - 3017 - root - INFO - modified files: ['/tmp/tmpzp4NOp/arjun/lhost.yml']
2019-10-29T13:32:20.000845Z - 3017 - root - INFO - conflict files: []
2019-10-29T13:32:20.000845Z - 3017 - root - INFO - unknown files: []
2019-10-29T13:32:21.000056Z - 3017 - root - INFO - revision: 55273
2019-10-29T13:32:22.000316Z - 3017 - root - INFO - added files: []
2019-10-29T13:32:22.000317Z - 3017 - root - INFO - deleted files: []
2019-10-29T13:32:22.000317Z - 3017 - root - INFO - modified files: ['/tmp/tmpVfCv_8/sun02/lhost.yml']
2019-10-29T13:32:22.000317Z - 3017 - root - INFO - conflict files: []
2019-10-29T13:32:22.000317Z - 3017 - root - INFO - unknown files: []
2019-10-29T13:32:22.000564Z - 3017 - root - INFO - revision: 55274
2019-10-29T13:33:29.000805Z - 3059 - root - INFO - added files: []
2019-10-29T13:33:29.000805Z - 3059 - root - INFO - deleted files: []
2019-10-29T13:33:29.000805Z - 3059 - root - INFO - modified files: ['/tmp/tmpemniV8/ARJUN/lhost.yml']
2019-10-29T13:33:29.000805Z - 3059 - root - INFO - conflict files: []
2019-10-29T13:33:29.000805Z - 3059 - root - INFO - unknown files: []
2019-10-29T13:33:30.000044Z - 3059 - root - INFO - revision: 55275
2019-10-29T13:33:31.000560Z - 3059 - root - INFO - added files: []
2019-10-29T13:33:31.000561Z - 3059 - root - INFO - deleted files: []
2019-10-29T13:33:31.000561Z - 3059 - root - INFO - modified files: ['/tmp/tmp3wZL4D/SUN02/lhost.yml']
2019-10-29T13:33:31.000561Z - 3059 - root - INFO - conflict files: []
2019-10-29T13:33:31.000561Z - 3059 - root - INFO - unknown files: []
2019-10-29T13:33:31.000927Z - 3059 - root - INFO - revision: 55276
2019-10-29T13:33:32.000900Z - 3059 - root - INFO - added files: []
2019-10-29T13:33:32.000900Z - 3059 - root - INFO - deleted files: []
2019-10-29T13:33:32.000901Z - 3059 - root - INFO - modified files: ['/tmp/tmpmYwyd4/arjun/lhost.yml']
2019-10-29T13:33:32.000901Z - 3059 - root - INFO - conflict files: []
2019-10-29T13:33:32.000901Z - 3059 - root - INFO - unknown files: []
2019-10-29T13:33:33.000185Z - 3059 - root - INFO - revision: 55277
2019-10-29T13:33:34.000560Z - 3059 - root - INFO - added files: []
2019-10-29T13:33:34.000561Z - 3059 - root - INFO - deleted files: []
2019-10-29T13:33:34.000561Z - 3059 - root - INFO - modified files: ['/tmp/tmpq6yrx4/sun02/lhost.yml']
2019-10-29T13:33:34.000561Z - 3059 - root - INFO - conflict files: []
2019-10-29T13:33:34.000561Z - 3059 - root - INFO - unknown files: []
2019-10-29T13:33:34.000947Z - 3059 - root - INFO - revision: 55278
2019-10-29T13:37:23.000676Z - 3102 - root - INFO - added files: []
2019-10-29T13:37:23.000676Z - 3102 - root - INFO - deleted files: []
2019-10-29T13:37:23.000676Z - 3102 - root - INFO - modified files: ['/tmp/tmpZeOFpT/ARJUN/lhost.yml']
2019-10-29T13:37:23.000676Z - 3102 - root - INFO - conflict files: []
2019-10-29T13:37:23.000676Z - 3102 - root - INFO - unknown files: []
2019-10-29T13:37:23.000865Z - 3102 - root - INFO - revision: 55279
2019-10-29T13:37:25.000295Z - 3102 - root - INFO - added files: []
2019-10-29T13:37:25.000295Z - 3102 - root - INFO - deleted files: []
2019-10-29T13:37:25.000295Z - 3102 - root - INFO - modified files: ['/tmp/tmpAj_QRa/SUN02/lhost.yml']
2019-10-29T13:37:25.000295Z - 3102 - root - INFO - conflict files: []
2019-10-29T13:37:25.000295Z - 3102 - root - INFO - unknown files: []
2019-10-29T13:37:25.000559Z - 3102 - root - INFO - revision: 55280
2019-10-29T13:37:26.000563Z - 3102 - root - INFO - added files: []
2019-10-29T13:37:26.000563Z - 3102 - root - INFO - deleted files: []
2019-10-29T13:37:26.000563Z - 3102 - root - INFO - modified files: ['/tmp/tmpk8NP3C/arjun/lhost.yml']
2019-10-29T13:37:26.000563Z - 3102 - root - INFO - conflict files: []
2019-10-29T13:37:26.000563Z - 3102 - root - INFO - unknown files: []
2019-10-29T13:37:26.000939Z - 3102 - root - INFO - revision: 55281
2019-10-29T13:37:28.000312Z - 3102 - root - INFO - added files: []
2019-10-29T13:37:28.000312Z - 3102 - root - INFO - deleted files: []
2019-10-29T13:37:28.000312Z - 3102 - root - INFO - modified files: ['/tmp/tmp2Y2fgy/sun02/lhost.yml']
2019-10-29T13:37:28.000312Z - 3102 - root - INFO - conflict files: []
2019-10-29T13:37:28.000312Z - 3102 - root - INFO - unknown files: []
2019-10-29T13:37:28.000530Z - 3102 - root - INFO - revision: 55282
2019-10-29T13:38:06.000655Z - 3143 - root - INFO - added files: []
2019-10-29T13:38:06.000655Z - 3143 - root - INFO - deleted files: []
2019-10-29T13:38:06.000655Z - 3143 - root - INFO - modified files: ['/tmp/tmpkgfmSe/ARJUN/lhost.yml']
2019-10-29T13:38:06.000655Z - 3143 - root - INFO - conflict files: []
2019-10-29T13:38:06.000655Z - 3143 - root - INFO - unknown files: []
2019-10-29T13:38:06.000911Z - 3143 - root - INFO - revision: 55283
2019-10-29T13:38:08.000395Z - 3143 - root - INFO - added files: []
2019-10-29T13:38:08.000395Z - 3143 - root - INFO - deleted files: []
2019-10-29T13:38:08.000396Z - 3143 - root - INFO - modified files: ['/tmp/tmpazSyvk/SUN02/lhost.yml']
2019-10-29T13:38:08.000396Z - 3143 - root - INFO - conflict files: []
2019-10-29T13:38:08.000396Z - 3143 - root - INFO - unknown files: []
2019-10-29T13:38:08.000660Z - 3143 - root - INFO - revision: 55284
2019-10-29T13:38:09.000615Z - 3143 - root - INFO - added files: []
2019-10-29T13:38:09.000615Z - 3143 - root - INFO - deleted files: []
2019-10-29T13:38:09.000615Z - 3143 - root - INFO - modified files: ['/tmp/tmpbNaHfK/arjun/lhost.yml']
2019-10-29T13:38:09.000615Z - 3143 - root - INFO - conflict files: []
2019-10-29T13:38:09.000615Z - 3143 - root - INFO - unknown files: []
2019-10-29T13:38:09.000858Z - 3143 - root - INFO - revision: 55285
2019-10-29T13:38:11.000104Z - 3143 - root - INFO - added files: []
2019-10-29T13:38:11.000104Z - 3143 - root - INFO - deleted files: []
2019-10-29T13:38:11.000105Z - 3143 - root - INFO - modified files: ['/tmp/tmpMUWxUe/sun02/lhost.yml']
2019-10-29T13:38:11.000105Z - 3143 - root - INFO - conflict files: []
2019-10-29T13:38:11.000105Z - 3143 - root - INFO - unknown files: []
2019-10-29T13:38:11.000498Z - 3143 - root - INFO - revision: 55286
2019-10-29T13:38:46.000213Z - 3185 - root - INFO - added files: []
2019-10-29T13:38:46.000214Z - 3185 - root - INFO - deleted files: []
2019-10-29T13:38:46.000214Z - 3185 - root - INFO - modified files: ['/tmp/tmpb49er6/ARJUN/lhost.yml']
2019-10-29T13:38:46.000214Z - 3185 - root - INFO - conflict files: []
2019-10-29T13:38:46.000214Z - 3185 - root - INFO - unknown files: []
2019-10-29T13:38:46.000470Z - 3185 - root - INFO - revision: 55287
2019-10-29T13:38:47.000956Z - 3185 - root - INFO - added files: []
2019-10-29T13:38:47.000956Z - 3185 - root - INFO - deleted files: []
2019-10-29T13:38:47.000956Z - 3185 - root - INFO - modified files: ['/tmp/tmpo_BVY_/SUN02/lhost.yml']
2019-10-29T13:38:47.000957Z - 3185 - root - INFO - conflict files: []
2019-10-29T13:38:47.000957Z - 3185 - root - INFO - unknown files: []
2019-10-29T13:38:48.000232Z - 3185 - root - INFO - revision: 55288
2019-10-29T13:38:49.000205Z - 3185 - root - INFO - added files: []
2019-10-29T13:38:49.000205Z - 3185 - root - INFO - deleted files: []
2019-10-29T13:38:49.000205Z - 3185 - root - INFO - modified files: ['/tmp/tmpVK0Z1y/arjun/lhost.yml']
2019-10-29T13:38:49.000206Z - 3185 - root - INFO - conflict files: []
2019-10-29T13:38:49.000206Z - 3185 - root - INFO - unknown files: []
2019-10-29T13:38:49.000540Z - 3185 - root - INFO - revision: 55291
2019-10-29T13:38:50.000837Z - 3185 - root - INFO - added files: []
2019-10-29T13:38:50.000837Z - 3185 - root - INFO - deleted files: []
2019-10-29T13:38:50.000837Z - 3185 - root - INFO - modified files: ['/tmp/tmpZfHmyN/sun02/lhost.yml']
2019-10-29T13:38:50.000837Z - 3185 - root - INFO - conflict files: []
2019-10-29T13:38:50.000837Z - 3185 - root - INFO - unknown files: []
2019-10-29T13:38:51.000049Z - 3185 - root - INFO - revision: 55292
2019-10-29T13:41:09.000359Z - 3228 - root - INFO - added files: []
2019-10-29T13:41:09.000359Z - 3228 - root - INFO - deleted files: []
2019-10-29T13:41:09.000359Z - 3228 - root - INFO - modified files: ['/tmp/tmpyJ12KP/ARJUN/lhost.yml']
2019-10-29T13:41:09.000359Z - 3228 - root - INFO - conflict files: []
2019-10-29T13:41:09.000359Z - 3228 - root - INFO - unknown files: []
2019-10-29T13:41:09.000588Z - 3228 - root - INFO - revision: 55293
2019-10-29T13:41:11.000052Z - 3228 - root - INFO - added files: []
2019-10-29T13:41:11.000053Z - 3228 - root - INFO - deleted files: []
2019-10-29T13:41:11.000053Z - 3228 - root - INFO - modified files: ['/tmp/tmpktO53A/SUN02/lhost.yml']
2019-10-29T13:41:11.000053Z - 3228 - root - INFO - conflict files: []
2019-10-29T13:41:11.000053Z - 3228 - root - INFO - unknown files: []
2019-10-29T13:41:11.000325Z - 3228 - root - INFO - revision: 55294
2019-10-29T13:41:12.000293Z - 3228 - root - INFO - added files: []
2019-10-29T13:41:12.000293Z - 3228 - root - INFO - deleted files: []
2019-10-29T13:41:12.000293Z - 3228 - root - INFO - modified files: ['/tmp/tmpyKqMx_/arjun/lhost.yml']
2019-10-29T13:41:12.000293Z - 3228 - root - INFO - conflict files: []
2019-10-29T13:41:12.000293Z - 3228 - root - INFO - unknown files: []
2019-10-29T13:41:12.000603Z - 3228 - root - INFO - revision: 55295
2019-10-29T13:41:13.000891Z - 3228 - root - INFO - added files: []
2019-10-29T13:41:13.000892Z - 3228 - root - INFO - deleted files: []
2019-10-29T13:41:13.000892Z - 3228 - root - INFO - modified files: ['/tmp/tmpNBUKSQ/sun02/lhost.yml']
2019-10-29T13:41:13.000892Z - 3228 - root - INFO - conflict files: []
2019-10-29T13:41:13.000892Z - 3228 - root - INFO - unknown files: []
2019-10-29T13:41:14.000192Z - 3228 - root - INFO - revision: 55296
2019-10-29T13:43:35.000407Z - 3270 - root - INFO - added files: []
2019-10-29T13:43:35.000408Z - 3270 - root - INFO - deleted files: []
2019-10-29T13:43:35.000408Z - 3270 - root - INFO - modified files: ['/tmp/tmpAsmHYZ/ARJUN/lhost.yml']
2019-10-29T13:43:35.000408Z - 3270 - root - INFO - conflict files: []
2019-10-29T13:43:35.000408Z - 3270 - root - INFO - unknown files: []
2019-10-29T13:43:35.000633Z - 3270 - root - INFO - revision: 55298
2019-10-29T13:43:37.000051Z - 3270 - root - INFO - added files: []
2019-10-29T13:43:37.000051Z - 3270 - root - INFO - deleted files: []
2019-10-29T13:43:37.000051Z - 3270 - root - INFO - modified files: ['/tmp/tmpXxdZmf/SUN02/lhost.yml']
2019-10-29T13:43:37.000051Z - 3270 - root - INFO - conflict files: []
2019-10-29T13:43:37.000051Z - 3270 - root - INFO - unknown files: []
2019-10-29T13:43:38.000353Z - 3270 - root - INFO - revision: 55299
2019-10-29T13:43:39.000304Z - 3270 - root - INFO - added files: []
2019-10-29T13:43:39.000304Z - 3270 - root - INFO - deleted files: []
2019-10-29T13:43:39.000305Z - 3270 - root - INFO - modified files: ['/tmp/tmp5l6Eph/arjun/lhost.yml']
2019-10-29T13:43:39.000305Z - 3270 - root - INFO - conflict files: []
2019-10-29T13:43:39.000305Z - 3270 - root - INFO - unknown files: []
2019-10-29T13:43:39.000542Z - 3270 - root - INFO - revision: 55300
2019-10-29T13:43:40.000788Z - 3270 - root - INFO - added files: []
2019-10-29T13:43:40.000788Z - 3270 - root - INFO - deleted files: []
2019-10-29T13:43:40.000788Z - 3270 - root - INFO - modified files: ['/tmp/tmpJaulYw/sun02/lhost.yml']
2019-10-29T13:43:40.000789Z - 3270 - root - INFO - conflict files: []
2019-10-29T13:43:40.000789Z - 3270 - root - INFO - unknown files: []
2019-10-29T13:43:41.000056Z - 3270 - root - INFO - revision: 55301
2019-10-29T13:45:12.000679Z - 3315 - root - INFO - added files: []
2019-10-29T13:45:12.000679Z - 3315 - root - INFO - deleted files: []
2019-10-29T13:45:12.000679Z - 3315 - root - INFO - modified files: ['/tmp/tmppCr5Ag/ARJUN/lhost.yml']
2019-10-29T13:45:12.000679Z - 3315 - root - INFO - conflict files: []
2019-10-29T13:45:12.000679Z - 3315 - root - INFO - unknown files: []
2019-10-29T13:45:12.000979Z - 3315 - root - INFO - revision: 55303
2019-10-29T13:45:14.000490Z - 3315 - root - INFO - added files: []
2019-10-29T13:45:14.000490Z - 3315 - root - INFO - deleted files: []
2019-10-29T13:45:14.000491Z - 3315 - root - INFO - modified files: ['/tmp/tmpfUExM6/SUN02/lhost.yml']
2019-10-29T13:45:14.000491Z - 3315 - root - INFO - conflict files: []
2019-10-29T13:45:14.000491Z - 3315 - root - INFO - unknown files: []
2019-10-29T13:45:14.000739Z - 3315 - root - INFO - revision: 55304
2019-10-29T13:45:15.000640Z - 3315 - root - INFO - added files: []
2019-10-29T13:45:15.000640Z - 3315 - root - INFO - deleted files: []
2019-10-29T13:45:15.000640Z - 3315 - root - INFO - modified files: ['/tmp/tmpOy_Eii/arjun/lhost.yml']
2019-10-29T13:45:15.000641Z - 3315 - root - INFO - conflict files: []
2019-10-29T13:45:15.000641Z - 3315 - root - INFO - unknown files: []
2019-10-29T13:45:15.000856Z - 3315 - root - INFO - revision: 55305
2019-10-29T13:45:17.000235Z - 3315 - root - INFO - added files: []
2019-10-29T13:45:17.000235Z - 3315 - root - INFO - deleted files: []
2019-10-29T13:45:17.000236Z - 3315 - root - INFO - modified files: ['/tmp/tmp5QinfD/sun02/lhost.yml']
2019-10-29T13:45:17.000236Z - 3315 - root - INFO - conflict files: []
2019-10-29T13:45:17.000236Z - 3315 - root - INFO - unknown files: []
2019-10-29T13:45:17.000549Z - 3315 - root - INFO - revision: 55306
2019-10-29T13:46:02.000607Z - 3357 - root - INFO - added files: []
2019-10-29T13:46:02.000607Z - 3357 - root - INFO - deleted files: []
2019-10-29T13:46:02.000607Z - 3357 - root - INFO - modified files: ['/tmp/tmp0PYGbU/ARJUN/lhost.yml']
2019-10-29T13:46:02.000607Z - 3357 - root - INFO - conflict files: []
2019-10-29T13:46:02.000607Z - 3357 - root - INFO - unknown files: []
2019-10-29T13:46:02.000842Z - 3357 - root - INFO - revision: 55307
2019-10-29T13:46:04.000298Z - 3357 - root - INFO - added files: []
2019-10-29T13:46:04.000298Z - 3357 - root - INFO - deleted files: []
2019-10-29T13:46:04.000298Z - 3357 - root - INFO - modified files: ['/tmp/tmp_3xHjS/SUN02/lhost.yml']
2019-10-29T13:46:04.000298Z - 3357 - root - INFO - conflict files: []
2019-10-29T13:46:04.000298Z - 3357 - root - INFO - unknown files: []
2019-10-29T13:46:04.000524Z - 3357 - root - INFO - revision: 55308
2019-10-29T13:46:05.000505Z - 3357 - root - INFO - added files: []
2019-10-29T13:46:05.000505Z - 3357 - root - INFO - deleted files: []
2019-10-29T13:46:05.000505Z - 3357 - root - INFO - modified files: ['/tmp/tmpRmrZWY/arjun/lhost.yml']
2019-10-29T13:46:05.000505Z - 3357 - root - INFO - conflict files: []
2019-10-29T13:46:05.000506Z - 3357 - root - INFO - unknown files: []
2019-10-29T13:46:05.000869Z - 3357 - root - INFO - revision: 55309
2019-10-29T13:46:07.000157Z - 3357 - root - INFO - added files: []
2019-10-29T13:46:07.000157Z - 3357 - root - INFO - deleted files: []
2019-10-29T13:46:07.000157Z - 3357 - root - INFO - modified files: ['/tmp/tmp51z4qb/sun02/lhost.yml']
2019-10-29T13:46:07.000157Z - 3357 - root - INFO - conflict files: []
2019-10-29T13:46:07.000157Z - 3357 - root - INFO - unknown files: []
2019-10-29T13:46:07.000500Z - 3357 - root - INFO - revision: 55310
2019-10-29T13:50:51.000533Z - 3402 - root - INFO - added files: []
2019-10-29T13:50:51.000533Z - 3402 - root - INFO - deleted files: []
2019-10-29T13:50:51.000533Z - 3402 - root - INFO - modified files: ['/tmp/tmpultvXZ/ARJUN/lhost.yml']
2019-10-29T13:50:51.000534Z - 3402 - root - INFO - conflict files: []
2019-10-29T13:50:51.000534Z - 3402 - root - INFO - unknown files: []
2019-10-29T13:50:51.000765Z - 3402 - root - INFO - revision: 55312
2019-10-29T13:50:53.000164Z - 3402 - root - INFO - added files: []
2019-10-29T13:50:53.000164Z - 3402 - root - INFO - deleted files: []
2019-10-29T13:50:53.000164Z - 3402 - root - INFO - modified files: ['/tmp/tmpj7fCBs/SUN02/lhost.yml']
2019-10-29T13:50:53.000164Z - 3402 - root - INFO - conflict files: []
2019-10-29T13:50:53.000164Z - 3402 - root - INFO - unknown files: []
2019-10-29T13:50:53.000463Z - 3402 - root - INFO - revision: 55313
2019-10-29T13:50:54.000407Z - 3402 - root - INFO - added files: []
2019-10-29T13:50:54.000408Z - 3402 - root - INFO - deleted files: []
2019-10-29T13:50:54.000408Z - 3402 - root - INFO - modified files: ['/tmp/tmp4WanLX/arjun/lhost.yml']
2019-10-29T13:50:54.000408Z - 3402 - root - INFO - conflict files: []
2019-10-29T13:50:54.000408Z - 3402 - root - INFO - unknown files: []
2019-10-29T13:50:54.000725Z - 3402 - root - INFO - revision: 55314
2019-10-29T13:50:56.000019Z - 3402 - root - INFO - added files: []
2019-10-29T13:50:56.000019Z - 3402 - root - INFO - deleted files: []
2019-10-29T13:50:56.000020Z - 3402 - root - INFO - modified files: ['/tmp/tmpKCiSk3/sun02/lhost.yml']
2019-10-29T13:50:56.000020Z - 3402 - root - INFO - conflict files: []
2019-10-29T13:50:56.000020Z - 3402 - root - INFO - unknown files: []
2019-10-29T13:50:56.000304Z - 3402 - root - INFO - revision: 55315
2019-10-29T13:54:00.000248Z - 3447 - root - INFO - added files: []
2019-10-29T13:54:00.000248Z - 3447 - root - INFO - deleted files: []
2019-10-29T13:54:00.000248Z - 3447 - root - INFO - modified files: ['/tmp/tmpAlvZc9/ARJUN/lhost.yml']
2019-10-29T13:54:00.000249Z - 3447 - root - INFO - conflict files: []
2019-10-29T13:54:00.000249Z - 3447 - root - INFO - unknown files: []
2019-10-29T13:54:00.000496Z - 3447 - root - INFO - revision: 55318
2019-10-29T13:54:01.000974Z - 3447 - root - INFO - added files: []
2019-10-29T13:54:01.000974Z - 3447 - root - INFO - deleted files: []
2019-10-29T13:54:01.000974Z - 3447 - root - INFO - modified files: ['/tmp/tmp8W5QMM/SUN02/lhost.yml']
2019-10-29T13:54:01.000974Z - 3447 - root - INFO - conflict files: []
2019-10-29T13:54:01.000974Z - 3447 - root - INFO - unknown files: []
2019-10-29T13:54:02.000245Z - 3447 - root - INFO - revision: 55319
2019-10-29T13:54:03.000233Z - 3447 - root - INFO - added files: []
2019-10-29T13:54:03.000233Z - 3447 - root - INFO - deleted files: []
2019-10-29T13:54:03.000233Z - 3447 - root - INFO - modified files: ['/tmp/tmpsR6k1S/arjun/lhost.yml']
2019-10-29T13:54:03.000233Z - 3447 - root - INFO - conflict files: []
2019-10-29T13:54:03.000234Z - 3447 - root - INFO - unknown files: []
2019-10-29T13:54:03.000441Z - 3447 - root - INFO - revision: 55320
2019-10-29T13:54:04.000709Z - 3447 - root - INFO - added files: []
2019-10-29T13:54:04.000709Z - 3447 - root - INFO - deleted files: []
2019-10-29T13:54:04.000710Z - 3447 - root - INFO - modified files: ['/tmp/tmpata8mD/sun02/lhost.yml']
2019-10-29T13:54:04.000710Z - 3447 - root - INFO - conflict files: []
2019-10-29T13:54:04.000710Z - 3447 - root - INFO - unknown files: []
2019-10-29T13:54:05.000120Z - 3447 - root - INFO - revision: 55321
2019-10-29T13:54:32.000595Z - 3489 - root - INFO - added files: []
2019-10-29T13:54:32.000595Z - 3489 - root - INFO - deleted files: []
2019-10-29T13:54:32.000595Z - 3489 - root - INFO - modified files: ['/tmp/tmpIaLbcF/ARJUN/lhost.yml']
2019-10-29T13:54:32.000595Z - 3489 - root - INFO - conflict files: []
2019-10-29T13:54:32.000595Z - 3489 - root - INFO - unknown files: []
2019-10-29T13:54:33.000018Z - 3489 - root - INFO - revision: 55322
2019-10-29T13:54:34.000429Z - 3489 - root - INFO - added files: []
2019-10-29T13:54:34.000429Z - 3489 - root - INFO - deleted files: []
2019-10-29T13:54:34.000429Z - 3489 - root - INFO - modified files: ['/tmp/tmpGjKzzj/SUN02/lhost.yml']
2019-10-29T13:54:34.000429Z - 3489 - root - INFO - conflict files: []
2019-10-29T13:54:34.000429Z - 3489 - root - INFO - unknown files: []
2019-10-29T13:54:34.000671Z - 3489 - root - INFO - revision: 55323
2019-10-29T13:54:35.000683Z - 3489 - root - INFO - added files: []
2019-10-29T13:54:35.000684Z - 3489 - root - INFO - deleted files: []
2019-10-29T13:54:35.000684Z - 3489 - root - INFO - modified files: ['/tmp/tmpft4FJ7/arjun/lhost.yml']
2019-10-29T13:54:35.000684Z - 3489 - root - INFO - conflict files: []
2019-10-29T13:54:35.000684Z - 3489 - root - INFO - unknown files: []
2019-10-29T13:54:35.000975Z - 3489 - root - INFO - revision: 55324
2019-10-29T13:54:37.000277Z - 3489 - root - INFO - added files: []
2019-10-29T13:54:37.000277Z - 3489 - root - INFO - deleted files: []
2019-10-29T13:54:37.000277Z - 3489 - root - INFO - modified files: ['/tmp/tmplvyrKV/sun02/lhost.yml']
2019-10-29T13:54:37.000278Z - 3489 - root - INFO - conflict files: []
2019-10-29T13:54:37.000278Z - 3489 - root - INFO - unknown files: []
2019-10-29T13:54:37.000487Z - 3489 - root - INFO - revision: 55325
2019-10-29T13:58:36.000864Z - 3531 - root - INFO - added files: []
2019-10-29T13:58:36.000865Z - 3531 - root - INFO - deleted files: []
2019-10-29T13:58:36.000865Z - 3531 - root - INFO - modified files: ['/tmp/tmpuukJuX/ARJUN/lhost.yml']
2019-10-29T13:58:36.000865Z - 3531 - root - INFO - conflict files: []
2019-10-29T13:58:36.000865Z - 3531 - root - INFO - unknown files: []
2019-10-29T13:58:37.000145Z - 3531 - root - INFO - revision: 55330
2019-10-29T13:58:38.000576Z - 3531 - root - INFO - added files: []
2019-10-29T13:58:38.000576Z - 3531 - root - INFO - deleted files: []
2019-10-29T13:58:38.000576Z - 3531 - root - INFO - modified files: ['/tmp/tmpMSCG_7/SUN02/lhost.yml']
2019-10-29T13:58:38.000576Z - 3531 - root - INFO - conflict files: []
2019-10-29T13:58:38.000576Z - 3531 - root - INFO - unknown files: []
2019-10-29T13:58:38.000897Z - 3531 - root - INFO - revision: 55331
2019-10-29T13:58:39.000841Z - 3531 - root - INFO - added files: []
2019-10-29T13:58:39.000841Z - 3531 - root - INFO - deleted files: []
2019-10-29T13:58:39.000841Z - 3531 - root - INFO - modified files: ['/tmp/tmptNgrWR/arjun/lhost.yml']
2019-10-29T13:58:39.000841Z - 3531 - root - INFO - conflict files: []
2019-10-29T13:58:39.000841Z - 3531 - root - INFO - unknown files: []
2019-10-29T13:58:40.000096Z - 3531 - root - INFO - revision: 55332
2019-10-29T13:58:41.000386Z - 3531 - root - INFO - added files: []
2019-10-29T13:58:41.000386Z - 3531 - root - INFO - deleted files: []
2019-10-29T13:58:41.000386Z - 3531 - root - INFO - modified files: ['/tmp/tmp8EZmzX/sun02/lhost.yml']
2019-10-29T13:58:41.000386Z - 3531 - root - INFO - conflict files: []
2019-10-29T13:58:41.000386Z - 3531 - root - INFO - unknown files: []
2019-10-29T13:58:41.000631Z - 3531 - root - INFO - revision: 55333
2019-10-29T14:03:50.000590Z - 3590 - root - INFO - added files: []
2019-10-29T14:03:50.000591Z - 3590 - root - INFO - deleted files: []
2019-10-29T14:03:50.000591Z - 3590 - root - INFO - modified files: ['/tmp/tmp9kkXWj/ARJUN/lhost.yml']
2019-10-29T14:03:50.000591Z - 3590 - root - INFO - conflict files: []
2019-10-29T14:03:50.000591Z - 3590 - root - INFO - unknown files: []
2019-10-29T14:03:50.000876Z - 3590 - root - INFO - revision: 55334
2019-10-29T14:03:52.000488Z - 3590 - root - INFO - added files: []
2019-10-29T14:03:52.000488Z - 3590 - root - INFO - deleted files: []
2019-10-29T14:03:52.000488Z - 3590 - root - INFO - modified files: ['/tmp/tmpD5qptp/SUN02/lhost.yml']
2019-10-29T14:03:52.000489Z - 3590 - root - INFO - conflict files: []
2019-10-29T14:03:52.000489Z - 3590 - root - INFO - unknown files: []
2019-10-29T14:03:52.000760Z - 3590 - root - INFO - revision: 55335
2019-10-29T14:03:53.000749Z - 3590 - root - INFO - added files: []
2019-10-29T14:03:53.000749Z - 3590 - root - INFO - deleted files: []
2019-10-29T14:03:53.000749Z - 3590 - root - INFO - modified files: ['/tmp/tmpXM8EQY/arjun/lhost.yml']
2019-10-29T14:03:53.000750Z - 3590 - root - INFO - conflict files: []
2019-10-29T14:03:53.000750Z - 3590 - root - INFO - unknown files: []
2019-10-29T14:03:53.000965Z - 3590 - root - INFO - revision: 55336
2019-10-29T14:03:55.000372Z - 3590 - root - INFO - added files: []
2019-10-29T14:03:55.000372Z - 3590 - root - INFO - deleted files: []
2019-10-29T14:03:55.000373Z - 3590 - root - INFO - modified files: ['/tmp/tmp1Yi98q/sun02/lhost.yml']
2019-10-29T14:03:55.000373Z - 3590 - root - INFO - conflict files: []
2019-10-29T14:03:55.000373Z - 3590 - root - INFO - unknown files: []
2019-10-29T14:03:55.000591Z - 3590 - root - INFO - revision: 55337
2019-10-29T14:05:22.000277Z - 3634 - root - INFO - added files: []
2019-10-29T14:05:22.000277Z - 3634 - root - INFO - deleted files: []
2019-10-29T14:05:22.000277Z - 3634 - root - INFO - modified files: ['/tmp/tmpQ9OS9D/ARJUN/lhost.yml']
2019-10-29T14:05:22.000277Z - 3634 - root - INFO - conflict files: []
2019-10-29T14:05:22.000277Z - 3634 - root - INFO - unknown files: []
2019-10-29T14:05:22.000510Z - 3634 - root - INFO - revision: 55338
2019-10-29T14:05:23.000962Z - 3634 - root - INFO - added files: []
2019-10-29T14:05:23.000962Z - 3634 - root - INFO - deleted files: []
2019-10-29T14:05:23.000962Z - 3634 - root - INFO - modified files: ['/tmp/tmpcPCVnQ/SUN02/lhost.yml']
2019-10-29T14:05:23.000962Z - 3634 - root - INFO - conflict files: []
2019-10-29T14:05:23.000962Z - 3634 - root - INFO - unknown files: []
2019-10-29T14:05:24.000207Z - 3634 - root - INFO - revision: 55339
2019-10-29T14:05:25.000155Z - 3634 - root - INFO - added files: []
2019-10-29T14:05:25.000155Z - 3634 - root - INFO - deleted files: []
2019-10-29T14:05:25.000155Z - 3634 - root - INFO - modified files: ['/tmp/tmpi6Sd4q/arjun/lhost.yml']
2019-10-29T14:05:25.000155Z - 3634 - root - INFO - conflict files: []
2019-10-29T14:05:25.000155Z - 3634 - root - INFO - unknown files: []
2019-10-29T14:05:25.000364Z - 3634 - root - INFO - revision: 55340
2019-10-29T14:05:26.000651Z - 3634 - root - INFO - added files: []
2019-10-29T14:05:26.000652Z - 3634 - root - INFO - deleted files: []
2019-10-29T14:05:26.000652Z - 3634 - root - INFO - modified files: ['/tmp/tmpSTcTO4/sun02/lhost.yml']
2019-10-29T14:05:26.000652Z - 3634 - root - INFO - conflict files: []
2019-10-29T14:05:26.000652Z - 3634 - root - INFO - unknown files: []
2019-10-29T14:05:26.000994Z - 3634 - root - INFO - revision: 55341
2019-10-29T14:08:48.000988Z - 3675 - root - INFO - added files: []
2019-10-29T14:08:48.000988Z - 3675 - root - INFO - deleted files: []
2019-10-29T14:08:48.000988Z - 3675 - root - INFO - modified files: ['/tmp/tmpjdGHYA/ARJUN/lhost.yml']
2019-10-29T14:08:48.000988Z - 3675 - root - INFO - conflict files: []
2019-10-29T14:08:48.000988Z - 3675 - root - INFO - unknown files: []
2019-10-29T14:08:49.000301Z - 3675 - root - INFO - revision: 55342
2019-10-29T14:08:50.000862Z - 3675 - root - INFO - added files: []
2019-10-29T14:08:50.000862Z - 3675 - root - INFO - deleted files: []
2019-10-29T14:08:50.000863Z - 3675 - root - INFO - modified files: ['/tmp/tmpXP3hr1/SUN02/lhost.yml']
2019-10-29T14:08:50.000863Z - 3675 - root - INFO - conflict files: []
2019-10-29T14:08:50.000863Z - 3675 - root - INFO - unknown files: []
2019-10-29T14:08:51.000470Z - 3675 - root - INFO - revision: 55343
2019-10-29T14:08:52.000417Z - 3675 - root - INFO - added files: []
2019-10-29T14:08:52.000417Z - 3675 - root - INFO - deleted files: []
2019-10-29T14:08:52.000417Z - 3675 - root - INFO - modified files: ['/tmp/tmpJ4F2Z1/arjun/lhost.yml']
2019-10-29T14:08:52.000417Z - 3675 - root - INFO - conflict files: []
2019-10-29T14:08:52.000417Z - 3675 - root - INFO - unknown files: []
2019-10-29T14:08:52.000681Z - 3675 - root - INFO - revision: 55344
2019-10-29T14:08:53.000990Z - 3675 - root - INFO - added files: []
2019-10-29T14:08:53.000990Z - 3675 - root - INFO - deleted files: []
2019-10-29T14:08:53.000990Z - 3675 - root - INFO - modified files: ['/tmp/tmp6fKGhc/sun02/lhost.yml']
2019-10-29T14:08:53.000990Z - 3675 - root - INFO - conflict files: []
2019-10-29T14:08:53.000991Z - 3675 - root - INFO - unknown files: []
2019-10-29T14:08:54.000247Z - 3675 - root - INFO - revision: 55345
2019-10-29T14:11:15.000227Z - 3717 - root - INFO - added files: []
2019-10-29T14:11:15.000228Z - 3717 - root - INFO - deleted files: []
2019-10-29T14:11:15.000228Z - 3717 - root - INFO - modified files: ['/tmp/tmpgyBtQx/ARJUN/lhost.yml']
2019-10-29T14:11:15.000228Z - 3717 - root - INFO - conflict files: []
2019-10-29T14:11:15.000228Z - 3717 - root - INFO - unknown files: []
2019-10-29T14:11:15.000472Z - 3717 - root - INFO - revision: 55346
2019-10-29T14:11:16.000937Z - 3717 - root - INFO - added files: []
2019-10-29T14:11:16.000938Z - 3717 - root - INFO - deleted files: []
2019-10-29T14:11:16.000938Z - 3717 - root - INFO - modified files: ['/tmp/tmp5kSvoN/SUN02/lhost.yml']
2019-10-29T14:11:16.000938Z - 3717 - root - INFO - conflict files: []
2019-10-29T14:11:16.000938Z - 3717 - root - INFO - unknown files: []
2019-10-29T14:11:17.000166Z - 3717 - root - INFO - revision: 55347
2019-10-29T14:11:18.000112Z - 3717 - root - INFO - added files: []
2019-10-29T14:11:18.000112Z - 3717 - root - INFO - deleted files: []
2019-10-29T14:11:18.000112Z - 3717 - root - INFO - modified files: ['/tmp/tmpegilZY/arjun/lhost.yml']
2019-10-29T14:11:18.000112Z - 3717 - root - INFO - conflict files: []
2019-10-29T14:11:18.000112Z - 3717 - root - INFO - unknown files: []
2019-10-29T14:11:18.000328Z - 3717 - root - INFO - revision: 55348
2019-10-29T14:11:19.000661Z - 3717 - root - INFO - added files: []
2019-10-29T14:11:19.000661Z - 3717 - root - INFO - deleted files: []
2019-10-29T14:11:19.000661Z - 3717 - root - INFO - modified files: ['/tmp/tmpjrgn9G/sun02/lhost.yml']
2019-10-29T14:11:19.000661Z - 3717 - root - INFO - conflict files: []
2019-10-29T14:11:19.000661Z - 3717 - root - INFO - unknown files: []
2019-10-29T14:11:19.000931Z - 3717 - root - INFO - revision: 55349
2019-10-29T14:13:53.000622Z - 3760 - root - INFO - added files: []
2019-10-29T14:13:53.000623Z - 3760 - root - INFO - deleted files: []
2019-10-29T14:13:53.000623Z - 3760 - root - INFO - modified files: ['/tmp/tmpf3V5dX/ARJUN/lhost.yml']
2019-10-29T14:13:53.000623Z - 3760 - root - INFO - conflict files: []
2019-10-29T14:13:53.000623Z - 3760 - root - INFO - unknown files: []
2019-10-29T14:13:53.000811Z - 3760 - root - INFO - revision: 55350
2019-10-29T14:13:55.000200Z - 3760 - root - INFO - added files: []
2019-10-29T14:13:55.000200Z - 3760 - root - INFO - deleted files: []
2019-10-29T14:13:55.000200Z - 3760 - root - INFO - modified files: ['/tmp/tmp1CDb_E/SUN02/lhost.yml']
2019-10-29T14:13:55.000200Z - 3760 - root - INFO - conflict files: []
2019-10-29T14:13:55.000200Z - 3760 - root - INFO - unknown files: []
2019-10-29T14:13:55.000428Z - 3760 - root - INFO - revision: 55351
2019-10-29T14:13:56.000376Z - 3760 - root - INFO - added files: []
2019-10-29T14:13:56.000377Z - 3760 - root - INFO - deleted files: []
2019-10-29T14:13:56.000377Z - 3760 - root - INFO - modified files: ['/tmp/tmpGLPuNc/arjun/lhost.yml']
2019-10-29T14:13:56.000377Z - 3760 - root - INFO - conflict files: []
2019-10-29T14:13:56.000377Z - 3760 - root - INFO - unknown files: []
2019-10-29T14:13:56.000576Z - 3760 - root - INFO - revision: 55352
2019-10-29T14:13:58.000001Z - 3760 - root - INFO - added files: []
2019-10-29T14:13:58.000001Z - 3760 - root - INFO - deleted files: []
2019-10-29T14:13:58.000001Z - 3760 - root - INFO - modified files: ['/tmp/tmpNFMRB4/sun02/lhost.yml']
2019-10-29T14:13:58.000001Z - 3760 - root - INFO - conflict files: []
2019-10-29T14:13:58.000001Z - 3760 - root - INFO - unknown files: []
2019-10-29T14:13:58.000271Z - 3760 - root - INFO - revision: 55353
2019-10-29T14:19:01.000710Z - 3802 - root - INFO - added files: []
2019-10-29T14:19:01.000710Z - 3802 - root - INFO - deleted files: []
2019-10-29T14:19:01.000710Z - 3802 - root - INFO - modified files: ['/tmp/tmpNkgy4Q/ARJUN/lhost.yml']
2019-10-29T14:19:01.000710Z - 3802 - root - INFO - conflict files: []
2019-10-29T14:19:01.000710Z - 3802 - root - INFO - unknown files: []
2019-10-29T14:19:01.000949Z - 3802 - root - INFO - revision: 55354
2019-10-29T14:19:03.000366Z - 3802 - root - INFO - added files: []
2019-10-29T14:19:03.000366Z - 3802 - root - INFO - deleted files: []
2019-10-29T14:19:03.000367Z - 3802 - root - INFO - modified files: ['/tmp/tmp9Mxoo1/SUN02/lhost.yml']
2019-10-29T14:19:03.000367Z - 3802 - root - INFO - conflict files: []
2019-10-29T14:19:03.000367Z - 3802 - root - INFO - unknown files: []
2019-10-29T14:19:03.000666Z - 3802 - root - INFO - revision: 55355
2019-10-29T14:19:04.000870Z - 3802 - root - INFO - added files: []
2019-10-29T14:19:04.000870Z - 3802 - root - INFO - deleted files: []
2019-10-29T14:19:04.000870Z - 3802 - root - INFO - modified files: ['/tmp/tmpFdiqwo/arjun/lhost.yml']
2019-10-29T14:19:04.000870Z - 3802 - root - INFO - conflict files: []
2019-10-29T14:19:04.000870Z - 3802 - root - INFO - unknown files: []
2019-10-29T14:19:05.000469Z - 3802 - root - INFO - revision: 55356
2019-10-29T14:19:06.000787Z - 3802 - root - INFO - added files: []
2019-10-29T14:19:06.000788Z - 3802 - root - INFO - deleted files: []
2019-10-29T14:19:06.000788Z - 3802 - root - INFO - modified files: ['/tmp/tmp4ZQi1D/sun02/lhost.yml']
2019-10-29T14:19:06.000788Z - 3802 - root - INFO - conflict files: []
2019-10-29T14:19:06.000788Z - 3802 - root - INFO - unknown files: []
2019-10-29T14:19:07.000275Z - 3802 - root - INFO - revision: 55357
2019-10-29T14:21:12.000140Z - 3846 - root - INFO - added files: []
2019-10-29T14:21:12.000140Z - 3846 - root - INFO - deleted files: []
2019-10-29T14:21:12.000141Z - 3846 - root - INFO - modified files: ['/tmp/tmp2IIiQR/ARJUN/lhost.yml']
2019-10-29T14:21:12.000141Z - 3846 - root - INFO - conflict files: []
2019-10-29T14:21:12.000141Z - 3846 - root - INFO - unknown files: []
2019-10-29T14:21:12.000352Z - 3846 - root - INFO - revision: 55358
2019-10-29T14:21:13.000822Z - 3846 - root - INFO - added files: []
2019-10-29T14:21:13.000822Z - 3846 - root - INFO - deleted files: []
2019-10-29T14:21:13.000822Z - 3846 - root - INFO - modified files: ['/tmp/tmpMW2T9r/SUN02/lhost.yml']
2019-10-29T14:21:13.000822Z - 3846 - root - INFO - conflict files: []
2019-10-29T14:21:13.000822Z - 3846 - root - INFO - unknown files: []
2019-10-29T14:21:14.000091Z - 3846 - root - INFO - revision: 55359
2019-10-29T14:21:15.000042Z - 3846 - root - INFO - added files: []
2019-10-29T14:21:15.000042Z - 3846 - root - INFO - deleted files: []
2019-10-29T14:21:15.000042Z - 3846 - root - INFO - modified files: ['/tmp/tmpuwpBVA/arjun/lhost.yml']
2019-10-29T14:21:15.000042Z - 3846 - root - INFO - conflict files: []
2019-10-29T14:21:15.000042Z - 3846 - root - INFO - unknown files: []
2019-10-29T14:21:15.000467Z - 3846 - root - INFO - revision: 55360
2019-10-29T14:21:16.000979Z - 3846 - root - INFO - added files: []
2019-10-29T14:21:16.000980Z - 3846 - root - INFO - deleted files: []
2019-10-29T14:21:16.000980Z - 3846 - root - INFO - modified files: ['/tmp/tmpnFvdpE/sun02/lhost.yml']
2019-10-29T14:21:16.000980Z - 3846 - root - INFO - conflict files: []
2019-10-29T14:21:16.000980Z - 3846 - root - INFO - unknown files: []
2019-10-29T14:21:17.000297Z - 3846 - root - INFO - revision: 55361
2019-10-29T14:29:17.000334Z - 3889 - root - INFO - added files: []
2019-10-29T14:29:17.000334Z - 3889 - root - INFO - deleted files: []
2019-10-29T14:29:17.000334Z - 3889 - root - INFO - modified files: ['/tmp/tmp3GMH7c/ARJUN/lhost.yml']
2019-10-29T14:29:17.000334Z - 3889 - root - INFO - conflict files: []
2019-10-29T14:29:17.000334Z - 3889 - root - INFO - unknown files: []
2019-10-29T14:29:17.000914Z - 3889 - root - INFO - revision: 55363
2019-10-29T14:29:19.000352Z - 3889 - root - INFO - added files: []
2019-10-29T14:29:19.000352Z - 3889 - root - INFO - deleted files: []
2019-10-29T14:29:19.000352Z - 3889 - root - INFO - modified files: ['/tmp/tmpzVkZcO/SUN02/lhost.yml']
2019-10-29T14:29:19.000352Z - 3889 - root - INFO - conflict files: []
2019-10-29T14:29:19.000352Z - 3889 - root - INFO - unknown files: []
2019-10-29T14:29:19.000678Z - 3889 - root - INFO - revision: 55364
2019-10-29T14:29:20.000660Z - 3889 - root - INFO - added files: []
2019-10-29T14:29:20.000660Z - 3889 - root - INFO - deleted files: []
2019-10-29T14:29:20.000660Z - 3889 - root - INFO - modified files: ['/tmp/tmpft7fbK/arjun/lhost.yml']
2019-10-29T14:29:20.000660Z - 3889 - root - INFO - conflict files: []
2019-10-29T14:29:20.000660Z - 3889 - root - INFO - unknown files: []
2019-10-29T14:29:21.000156Z - 3889 - root - INFO - revision: 55365
2019-10-29T14:29:22.000485Z - 3889 - root - INFO - added files: []
2019-10-29T14:29:22.000485Z - 3889 - root - INFO - deleted files: []
2019-10-29T14:29:22.000485Z - 3889 - root - INFO - modified files: ['/tmp/tmp_Ll2ce/sun02/lhost.yml']
2019-10-29T14:29:22.000485Z - 3889 - root - INFO - conflict files: []
2019-10-29T14:29:22.000485Z - 3889 - root - INFO - unknown files: []
2019-10-29T14:29:22.000963Z - 3889 - root - INFO - revision: 55366
2019-10-29T14:33:30.000696Z - 3936 - root - INFO - added files: []
2019-10-29T14:33:30.000697Z - 3936 - root - INFO - deleted files: []
2019-10-29T14:33:30.000697Z - 3936 - root - INFO - modified files: ['/tmp/tmpMV6RAA/ARJUN/lhost.yml']
2019-10-29T14:33:30.000697Z - 3936 - root - INFO - conflict files: []
2019-10-29T14:33:30.000697Z - 3936 - root - INFO - unknown files: []
2019-10-29T14:33:30.000897Z - 3936 - root - INFO - revision: 55367
2019-10-29T14:33:32.000371Z - 3936 - root - INFO - added files: []
2019-10-29T14:33:32.000371Z - 3936 - root - INFO - deleted files: []
2019-10-29T14:33:32.000371Z - 3936 - root - INFO - modified files: ['/tmp/tmpTDt20p/SUN02/lhost.yml']
2019-10-29T14:33:32.000371Z - 3936 - root - INFO - conflict files: []
2019-10-29T14:33:32.000371Z - 3936 - root - INFO - unknown files: []
2019-10-29T14:33:32.000616Z - 3936 - root - INFO - revision: 55368
2019-10-29T14:33:33.000543Z - 3936 - root - INFO - added files: []
2019-10-29T14:33:33.000544Z - 3936 - root - INFO - deleted files: []
2019-10-29T14:33:33.000544Z - 3936 - root - INFO - modified files: ['/tmp/tmpVCgM2b/arjun/lhost.yml']
2019-10-29T14:33:33.000544Z - 3936 - root - INFO - conflict files: []
2019-10-29T14:33:33.000544Z - 3936 - root - INFO - unknown files: []
2019-10-29T14:33:33.000797Z - 3936 - root - INFO - revision: 55369
2019-10-29T14:33:35.000095Z - 3936 - root - INFO - added files: []
2019-10-29T14:33:35.000095Z - 3936 - root - INFO - deleted files: []
2019-10-29T14:33:35.000095Z - 3936 - root - INFO - modified files: ['/tmp/tmpxcslwl/sun02/lhost.yml']
2019-10-29T14:33:35.000095Z - 3936 - root - INFO - conflict files: []
2019-10-29T14:33:35.000095Z - 3936 - root - INFO - unknown files: []
2019-10-29T14:33:35.000400Z - 3936 - root - INFO - revision: 55370
2019-10-29T14:37:34.000151Z - 3979 - root - INFO - added files: []
2019-10-29T14:37:34.000151Z - 3979 - root - INFO - deleted files: []
2019-10-29T14:37:34.000151Z - 3979 - root - INFO - modified files: ['/tmp/tmpB55lly/ARJUN/lhost.yml']
2019-10-29T14:37:34.000151Z - 3979 - root - INFO - conflict files: []
2019-10-29T14:37:34.000151Z - 3979 - root - INFO - unknown files: []
2019-10-29T14:37:34.000361Z - 3979 - root - INFO - revision: 55371
2019-10-29T14:37:35.000774Z - 3979 - root - INFO - added files: []
2019-10-29T14:37:35.000775Z - 3979 - root - INFO - deleted files: []
2019-10-29T14:37:35.000775Z - 3979 - root - INFO - modified files: ['/tmp/tmpOJElDu/SUN02/lhost.yml']
2019-10-29T14:37:35.000775Z - 3979 - root - INFO - conflict files: []
2019-10-29T14:37:35.000775Z - 3979 - root - INFO - unknown files: []
2019-10-29T14:37:35.000999Z - 3979 - root - INFO - revision: 55372
2019-10-29T14:37:36.000964Z - 3979 - root - INFO - added files: []
2019-10-29T14:37:36.000964Z - 3979 - root - INFO - deleted files: []
2019-10-29T14:37:36.000964Z - 3979 - root - INFO - modified files: ['/tmp/tmpS83uUs/arjun/lhost.yml']
2019-10-29T14:37:36.000964Z - 3979 - root - INFO - conflict files: []
2019-10-29T14:37:36.000964Z - 3979 - root - INFO - unknown files: []
2019-10-29T14:37:37.000179Z - 3979 - root - INFO - revision: 55373
2019-10-29T14:37:38.000461Z - 3979 - root - INFO - added files: []
2019-10-29T14:37:38.000461Z - 3979 - root - INFO - deleted files: []
2019-10-29T14:37:38.000461Z - 3979 - root - INFO - modified files: ['/tmp/tmp3bxBNg/sun02/lhost.yml']
2019-10-29T14:37:38.000461Z - 3979 - root - INFO - conflict files: []
2019-10-29T14:37:38.000461Z - 3979 - root - INFO - unknown files: []
2019-10-29T14:37:38.000645Z - 3979 - root - INFO - revision: 55374
2019-10-29T14:40:49.000194Z - 4021 - root - INFO - added files: []
2019-10-29T14:40:49.000195Z - 4021 - root - INFO - deleted files: []
2019-10-29T14:40:49.000195Z - 4021 - root - INFO - modified files: ['/tmp/tmpRJzHnD/ARJUN/lhost.yml']
2019-10-29T14:40:49.000195Z - 4021 - root - INFO - conflict files: []
2019-10-29T14:40:49.000195Z - 4021 - root - INFO - unknown files: []
2019-10-29T14:40:49.000490Z - 4021 - root - INFO - revision: 55375
2019-10-29T14:40:50.000988Z - 4021 - root - INFO - added files: []
2019-10-29T14:40:50.000988Z - 4021 - root - INFO - deleted files: []
2019-10-29T14:40:50.000988Z - 4021 - root - INFO - modified files: ['/tmp/tmp1T21Ax/SUN02/lhost.yml']
2019-10-29T14:40:50.000988Z - 4021 - root - INFO - conflict files: []
2019-10-29T14:40:50.000988Z - 4021 - root - INFO - unknown files: []
2019-10-29T14:40:51.000204Z - 4021 - root - INFO - revision: 55376
2019-10-29T14:40:52.000151Z - 4021 - root - INFO - added files: []
2019-10-29T14:40:52.000152Z - 4021 - root - INFO - deleted files: []
2019-10-29T14:40:52.000152Z - 4021 - root - INFO - modified files: ['/tmp/tmp20tASL/arjun/lhost.yml']
2019-10-29T14:40:52.000152Z - 4021 - root - INFO - conflict files: []
2019-10-29T14:40:52.000152Z - 4021 - root - INFO - unknown files: []
2019-10-29T14:40:52.000484Z - 4021 - root - INFO - revision: 55377
2019-10-29T14:40:53.000761Z - 4021 - root - INFO - added files: []
2019-10-29T14:40:53.000761Z - 4021 - root - INFO - deleted files: []
2019-10-29T14:40:53.000761Z - 4021 - root - INFO - modified files: ['/tmp/tmpgKjved/sun02/lhost.yml']
2019-10-29T14:40:53.000761Z - 4021 - root - INFO - conflict files: []
2019-10-29T14:40:53.000761Z - 4021 - root - INFO - unknown files: []
2019-10-29T14:40:54.000208Z - 4021 - root - INFO - revision: 55378
2019-10-29T14:43:03.000105Z - 4063 - root - INFO - added files: []
2019-10-29T14:43:03.000105Z - 4063 - root - INFO - deleted files: []
2019-10-29T14:43:03.000105Z - 4063 - root - INFO - modified files: ['/tmp/tmpw3Wd_7/ARJUN/lhost.yml']
2019-10-29T14:43:03.000105Z - 4063 - root - INFO - conflict files: []
2019-10-29T14:43:03.000106Z - 4063 - root - INFO - unknown files: []
2019-10-29T14:43:03.000467Z - 4063 - root - INFO - revision: 55379
2019-10-29T14:43:04.000859Z - 4063 - root - INFO - added files: []
2019-10-29T14:43:04.000859Z - 4063 - root - INFO - deleted files: []
2019-10-29T14:43:04.000859Z - 4063 - root - INFO - modified files: ['/tmp/tmpJsNTfb/SUN02/lhost.yml']
2019-10-29T14:43:04.000859Z - 4063 - root - INFO - conflict files: []
2019-10-29T14:43:04.000859Z - 4063 - root - INFO - unknown files: []
2019-10-29T14:43:05.000474Z - 4063 - root - INFO - revision: 55380
2019-10-29T14:43:06.000419Z - 4063 - root - INFO - added files: []
2019-10-29T14:43:06.000419Z - 4063 - root - INFO - deleted files: []
2019-10-29T14:43:06.000419Z - 4063 - root - INFO - modified files: ['/tmp/tmpBVQVgQ/arjun/lhost.yml']
2019-10-29T14:43:06.000419Z - 4063 - root - INFO - conflict files: []
2019-10-29T14:43:06.000419Z - 4063 - root - INFO - unknown files: []
2019-10-29T14:43:06.000682Z - 4063 - root - INFO - revision: 55381
2019-10-29T14:43:07.000980Z - 4063 - root - INFO - added files: []
2019-10-29T14:43:07.000980Z - 4063 - root - INFO - deleted files: []
2019-10-29T14:43:07.000980Z - 4063 - root - INFO - modified files: ['/tmp/tmpjtnjEN/sun02/lhost.yml']
2019-10-29T14:43:07.000981Z - 4063 - root - INFO - conflict files: []
2019-10-29T14:43:07.000981Z - 4063 - root - INFO - unknown files: []
2019-10-29T14:43:08.000263Z - 4063 - root - INFO - revision: 55382
2019-10-29T14:45:12.000167Z - 4106 - root - INFO - added files: []
2019-10-29T14:45:12.000167Z - 4106 - root - INFO - deleted files: []
2019-10-29T14:45:12.000167Z - 4106 - root - INFO - modified files: ['/tmp/tmpghE71L/ARJUN/lhost.yml']
2019-10-29T14:45:12.000167Z - 4106 - root - INFO - conflict files: []
2019-10-29T14:45:12.000167Z - 4106 - root - INFO - unknown files: []
2019-10-29T14:45:12.000450Z - 4106 - root - INFO - revision: 55383
2019-10-29T14:45:14.000068Z - 4106 - root - INFO - added files: []
2019-10-29T14:45:14.000068Z - 4106 - root - INFO - deleted files: []
2019-10-29T14:45:14.000068Z - 4106 - root - INFO - modified files: ['/tmp/tmpzGBHiA/SUN02/lhost.yml']
2019-10-29T14:45:14.000068Z - 4106 - root - INFO - conflict files: []
2019-10-29T14:45:14.000068Z - 4106 - root - INFO - unknown files: []
2019-10-29T14:45:14.000267Z - 4106 - root - INFO - revision: 55384
2019-10-29T14:45:15.000205Z - 4106 - root - INFO - added files: []
2019-10-29T14:45:15.000205Z - 4106 - root - INFO - deleted files: []
2019-10-29T14:45:15.000205Z - 4106 - root - INFO - modified files: ['/tmp/tmpbkDvU1/arjun/lhost.yml']
2019-10-29T14:45:15.000205Z - 4106 - root - INFO - conflict files: []
2019-10-29T14:45:15.000205Z - 4106 - root - INFO - unknown files: []
2019-10-29T14:45:15.000486Z - 4106 - root - INFO - revision: 55385
2019-10-29T14:45:16.000821Z - 4106 - root - INFO - added files: []
2019-10-29T14:45:16.000821Z - 4106 - root - INFO - deleted files: []
2019-10-29T14:45:16.000821Z - 4106 - root - INFO - modified files: ['/tmp/tmp6m_DPK/sun02/lhost.yml']
2019-10-29T14:45:16.000821Z - 4106 - root - INFO - conflict files: []
2019-10-29T14:45:16.000822Z - 4106 - root - INFO - unknown files: []
2019-10-29T14:45:17.000091Z - 4106 - root - INFO - revision: 55386
2019-10-29T14:46:45.000026Z - 4148 - root - INFO - added files: []
2019-10-29T14:46:45.000026Z - 4148 - root - INFO - deleted files: []
2019-10-29T14:46:45.000026Z - 4148 - root - INFO - modified files: ['/tmp/tmpqW1kGV/ARJUN/lhost.yml']
2019-10-29T14:46:45.000026Z - 4148 - root - INFO - conflict files: []
2019-10-29T14:46:45.000026Z - 4148 - root - INFO - unknown files: []
2019-10-29T14:46:45.000303Z - 4148 - root - INFO - revision: 55387
2019-10-29T14:46:46.000786Z - 4148 - root - INFO - added files: []
2019-10-29T14:46:46.000786Z - 4148 - root - INFO - deleted files: []
2019-10-29T14:46:46.000786Z - 4148 - root - INFO - modified files: ['/tmp/tmpLv5Xya/SUN02/lhost.yml']
2019-10-29T14:46:46.000787Z - 4148 - root - INFO - conflict files: []
2019-10-29T14:46:46.000787Z - 4148 - root - INFO - unknown files: []
2019-10-29T14:46:47.000474Z - 4148 - root - INFO - revision: 55388
2019-10-29T14:46:48.000452Z - 4148 - root - INFO - added files: []
2019-10-29T14:46:48.000452Z - 4148 - root - INFO - deleted files: []
2019-10-29T14:46:48.000452Z - 4148 - root - INFO - modified files: ['/tmp/tmpEHFLJZ/arjun/lhost.yml']
2019-10-29T14:46:48.000453Z - 4148 - root - INFO - conflict files: []
2019-10-29T14:46:48.000453Z - 4148 - root - INFO - unknown files: []
2019-10-29T14:46:48.000711Z - 4148 - root - INFO - revision: 55389
2019-10-29T14:46:49.000986Z - 4148 - root - INFO - added files: []
2019-10-29T14:46:49.000986Z - 4148 - root - INFO - deleted files: []
2019-10-29T14:46:49.000987Z - 4148 - root - INFO - modified files: ['/tmp/tmpxXIgSR/sun02/lhost.yml']
2019-10-29T14:46:49.000987Z - 4148 - root - INFO - conflict files: []
2019-10-29T14:46:49.000987Z - 4148 - root - INFO - unknown files: []
2019-10-29T14:46:50.000194Z - 4148 - root - INFO - revision: 55390
2019-10-29T14:57:32.000779Z - 4194 - root - INFO - added files: []
2019-10-29T14:57:32.000779Z - 4194 - root - INFO - deleted files: []
2019-10-29T14:57:32.000779Z - 4194 - root - INFO - modified files: ['/tmp/tmpbPXEkx/ARJUN/lhost.yml']
2019-10-29T14:57:32.000779Z - 4194 - root - INFO - conflict files: []
2019-10-29T14:57:32.000779Z - 4194 - root - INFO - unknown files: []
2019-10-29T14:57:33.000075Z - 4194 - root - INFO - revision: 55394
2019-10-29T14:57:34.000652Z - 4194 - root - INFO - added files: []
2019-10-29T14:57:34.000652Z - 4194 - root - INFO - deleted files: []
2019-10-29T14:57:34.000652Z - 4194 - root - INFO - modified files: ['/tmp/tmpdy6ljG/SUN02/lhost.yml']
2019-10-29T14:57:34.000652Z - 4194 - root - INFO - conflict files: []
2019-10-29T14:57:34.000652Z - 4194 - root - INFO - unknown files: []
2019-10-29T14:57:34.000995Z - 4194 - root - INFO - revision: 55395
2019-10-29T14:57:35.000908Z - 4194 - root - INFO - added files: []
2019-10-29T14:57:35.000908Z - 4194 - root - INFO - deleted files: []
2019-10-29T14:57:35.000908Z - 4194 - root - INFO - modified files: ['/tmp/tmpq27LN1/arjun/lhost.yml']
2019-10-29T14:57:35.000908Z - 4194 - root - INFO - conflict files: []
2019-10-29T14:57:35.000908Z - 4194 - root - INFO - unknown files: []
2019-10-29T14:57:36.000093Z - 4194 - root - INFO - revision: 55396
2019-10-29T14:57:37.000455Z - 4194 - root - INFO - added files: []
2019-10-29T14:57:37.000455Z - 4194 - root - INFO - deleted files: []
2019-10-29T14:57:37.000455Z - 4194 - root - INFO - modified files: ['/tmp/tmp8PY1Hs/sun02/lhost.yml']
2019-10-29T14:57:37.000455Z - 4194 - root - INFO - conflict files: []
2019-10-29T14:57:37.000455Z - 4194 - root - INFO - unknown files: []
2019-10-29T14:57:37.000693Z - 4194 - root - INFO - revision: 55397
2019-10-29T15:07:38.000149Z - 4252 - root - INFO - added files: []
2019-10-29T15:07:38.000149Z - 4252 - root - INFO - deleted files: []
2019-10-29T15:07:38.000149Z - 4252 - root - INFO - modified files: ['/tmp/tmpa70f9k/ARJUN/lhost.yml']
2019-10-29T15:07:38.000150Z - 4252 - root - INFO - conflict files: []
2019-10-29T15:07:38.000150Z - 4252 - root - INFO - unknown files: []
2019-10-29T15:07:38.000421Z - 4252 - root - INFO - revision: 55403
2019-10-29T15:07:39.000935Z - 4252 - root - INFO - added files: []
2019-10-29T15:07:39.000935Z - 4252 - root - INFO - deleted files: []
2019-10-29T15:07:39.000935Z - 4252 - root - INFO - modified files: ['/tmp/tmpu6Yeea/SUN02/lhost.yml']
2019-10-29T15:07:39.000935Z - 4252 - root - INFO - conflict files: []
2019-10-29T15:07:39.000935Z - 4252 - root - INFO - unknown files: []
2019-10-29T15:07:40.000245Z - 4252 - root - INFO - revision: 55404
2019-10-29T15:07:41.000223Z - 4252 - root - INFO - added files: []
2019-10-29T15:07:41.000223Z - 4252 - root - INFO - deleted files: []
2019-10-29T15:07:41.000223Z - 4252 - root - INFO - modified files: ['/tmp/tmpm01x2K/arjun/lhost.yml']
2019-10-29T15:07:41.000223Z - 4252 - root - INFO - conflict files: []
2019-10-29T15:07:41.000223Z - 4252 - root - INFO - unknown files: []
2019-10-29T15:07:41.000433Z - 4252 - root - INFO - revision: 55405
2019-10-29T15:07:42.000734Z - 4252 - root - INFO - added files: []
2019-10-29T15:07:42.000734Z - 4252 - root - INFO - deleted files: []
2019-10-29T15:07:42.000734Z - 4252 - root - INFO - modified files: ['/tmp/tmp6AsFhg/sun02/lhost.yml']
2019-10-29T15:07:42.000734Z - 4252 - root - INFO - conflict files: []
2019-10-29T15:07:42.000735Z - 4252 - root - INFO - unknown files: []
2019-10-29T15:07:42.000917Z - 4252 - root - INFO - revision: 55406
2019-10-29T15:10:36.000877Z - 4296 - root - INFO - added files: []
2019-10-29T15:10:36.000877Z - 4296 - root - INFO - deleted files: []
2019-10-29T15:10:36.000877Z - 4296 - root - INFO - modified files: ['/tmp/tmpgwjR9A/ARJUN/lhost.yml']
2019-10-29T15:10:36.000877Z - 4296 - root - INFO - conflict files: []
2019-10-29T15:10:36.000877Z - 4296 - root - INFO - unknown files: []
2019-10-29T15:10:37.000090Z - 4296 - root - INFO - revision: 55407
2019-10-29T15:10:38.000583Z - 4296 - root - INFO - added files: []
2019-10-29T15:10:38.000583Z - 4296 - root - INFO - deleted files: []
2019-10-29T15:10:38.000584Z - 4296 - root - INFO - modified files: ['/tmp/tmpAgw28H/SUN02/lhost.yml']
2019-10-29T15:10:38.000584Z - 4296 - root - INFO - conflict files: []
2019-10-29T15:10:38.000584Z - 4296 - root - INFO - unknown files: []
2019-10-29T15:10:38.000800Z - 4296 - root - INFO - revision: 55408
2019-10-29T15:10:39.000796Z - 4296 - root - INFO - added files: []
2019-10-29T15:10:39.000796Z - 4296 - root - INFO - deleted files: []
2019-10-29T15:10:39.000796Z - 4296 - root - INFO - modified files: ['/tmp/tmpgMY9AI/arjun/lhost.yml']
2019-10-29T15:10:39.000796Z - 4296 - root - INFO - conflict files: []
2019-10-29T15:10:39.000796Z - 4296 - root - INFO - unknown files: []
2019-10-29T15:10:40.000063Z - 4296 - root - INFO - revision: 55409
2019-10-29T15:10:41.000380Z - 4296 - root - INFO - added files: []
2019-10-29T15:10:41.000380Z - 4296 - root - INFO - deleted files: []
2019-10-29T15:10:41.000380Z - 4296 - root - INFO - modified files: ['/tmp/tmpTwYJDz/sun02/lhost.yml']
2019-10-29T15:10:41.000380Z - 4296 - root - INFO - conflict files: []
2019-10-29T15:10:41.000380Z - 4296 - root - INFO - unknown files: []
2019-10-29T15:10:41.000662Z - 4296 - root - INFO - revision: 55410
