2019-10-24T10:46:21.000698Z - 1884 - root - ERROR - while updating the ARJUN error occured:
 dump_all() got multiple values for keyword argument 'Dumper'
2019-10-24T10:47:07.000445Z - 1884 - root - ERROR - while updating the SUN02 error occured:
 dump_all() got multiple values for keyword argument 'Dumper'
2019-10-24T10:47:50.000874Z - 1884 - root - ERROR - while updating the arjun error occured:
 dump_all() got multiple values for keyword argument 'Dumper'
2019-10-24T10:48:34.000463Z - 1884 - root - ERROR - while updating the sun02 error occured:
 dump_all() got multiple values for keyword argument 'Dumper'
2019-10-24T10:57:22.000677Z - 1911 - root - ERROR - while updating the ARJUN error occured:
 dump_all() got multiple values for keyword argument 'Dumper'
2019-10-24T10:58:06.000300Z - 1911 - root - ERROR - while updating the SUN02 error occured:
 dump_all() got multiple values for keyword argument 'Dumper'
2019-10-24T10:58:49.000657Z - 1911 - root - ERROR - while updating the arjun error occured:
 dump_all() got multiple values for keyword argument 'Dumper'
2019-10-24T10:59:33.000187Z - 1911 - root - ERROR - while updating the sun02 error occured:
 dump_all() got multiple values for keyword argument 'Dumper'
2019-10-24T11:23:02.000110Z - 1660 - root - ERROR - while updating the ARJUN error occured:
 dump_all() got multiple values for keyword argument 'Dumper'
2019-10-24T11:23:03.000069Z - 1660 - root - ERROR - while updating the SUN02 error occured:
 dump_all() got multiple values for keyword argument 'Dumper'
2019-10-24T11:23:03.000621Z - 1660 - root - ERROR - while updating the arjun error occured:
 dump_all() got multiple values for keyword argument 'Dumper'
2019-10-24T11:23:04.000332Z - 1660 - root - ERROR - while updating the sun02 error occured:
 dump_all() got multiple values for keyword argument 'Dumper'
2019-10-24T11:25:10.000420Z - 1678 - root - ERROR - while updating the ARJUN error occured:
 dump_all() got multiple values for keyword argument 'Dumper'
2019-10-24T11:25:11.000299Z - 1678 - root - ERROR - while updating the SUN02 error occured:
 dump_all() got multiple values for keyword argument 'Dumper'
2019-10-24T11:25:11.000859Z - 1678 - root - ERROR - while updating the arjun error occured:
 dump_all() got multiple values for keyword argument 'Dumper'
2019-10-24T11:25:12.000590Z - 1678 - root - ERROR - while updating the sun02 error occured:
 dump_all() got multiple values for keyword argument 'Dumper'
2019-10-24T11:32:19.000934Z - 1694 - root - ERROR - while updating the ARJUN error occured:
 dump_all() got multiple values for keyword argument 'Dumper'
2019-10-24T11:32:20.000738Z - 1694 - root - ERROR - while updating the SUN02 error occured:
 dump_all() got multiple values for keyword argument 'Dumper'
2019-10-24T11:32:21.000263Z - 1694 - root - ERROR - while updating the arjun error occured:
 dump_all() got multiple values for keyword argument 'Dumper'
2019-10-24T11:32:21.000989Z - 1694 - root - ERROR - while updating the sun02 error occured:
 dump_all() got multiple values for keyword argument 'Dumper'
2019-10-24T11:46:50.000009Z - 1797 - root - INFO - added files: ['/tmp/tmpXiRJcp/ARJUN/\\lhost.yml']
2019-10-24T11:46:50.000010Z - 1797 - root - INFO - deleted files: []
2019-10-24T11:46:50.000010Z - 1797 - root - INFO - modified files: []
2019-10-24T11:46:50.000010Z - 1797 - root - INFO - conflict files: []
2019-10-24T11:46:50.000010Z - 1797 - root - INFO - unknown files: []
2019-10-24T11:46:50.000320Z - 1797 - root - INFO - revision: 54794
2019-10-24T11:46:51.000802Z - 1797 - root - INFO - added files: ['/tmp/tmpmohFuq/SUN02/\\lhost.yml']
2019-10-24T11:46:51.000802Z - 1797 - root - INFO - deleted files: []
2019-10-24T11:46:51.000802Z - 1797 - root - INFO - modified files: []
2019-10-24T11:46:51.000802Z - 1797 - root - INFO - conflict files: []
2019-10-24T11:46:51.000802Z - 1797 - root - INFO - unknown files: []
2019-10-24T11:46:52.000107Z - 1797 - root - INFO - revision: 54795
2019-10-24T11:46:53.000032Z - 1797 - root - INFO - added files: ['/tmp/tmpUS9B1_/arjun/\\lhost.yml']
2019-10-24T11:46:53.000032Z - 1797 - root - INFO - deleted files: []
2019-10-24T11:46:53.000032Z - 1797 - root - INFO - modified files: []
2019-10-24T11:46:53.000032Z - 1797 - root - INFO - conflict files: []
2019-10-24T11:46:53.000032Z - 1797 - root - INFO - unknown files: []
2019-10-24T11:46:53.000318Z - 1797 - root - INFO - revision: 54796
2019-10-24T11:46:54.000709Z - 1797 - root - INFO - added files: ['/tmp/tmpWNYAen/sun02/\\lhost.yml']
2019-10-24T11:46:54.000709Z - 1797 - root - INFO - deleted files: []
2019-10-24T11:46:54.000710Z - 1797 - root - INFO - modified files: []
2019-10-24T11:46:54.000710Z - 1797 - root - INFO - conflict files: []
2019-10-24T11:46:54.000710Z - 1797 - root - INFO - unknown files: []
2019-10-24T11:46:55.000069Z - 1797 - root - INFO - revision: 54797
2019-10-24T11:52:30.000570Z - 1851 - root - ERROR - while updating the ARJUN error occured:
 dump_all() got multiple values for keyword argument 'Dumper'
2019-10-24T11:52:31.000434Z - 1851 - root - ERROR - while updating the SUN02 error occured:
 dump_all() got multiple values for keyword argument 'Dumper'
2019-10-24T11:52:31.000969Z - 1851 - root - ERROR - while updating the arjun error occured:
 dump_all() got multiple values for keyword argument 'Dumper'
2019-10-24T11:52:32.000742Z - 1851 - root - ERROR - while updating the sun02 error occured:
 dump_all() got multiple values for keyword argument 'Dumper'
2019-10-24T12:00:49.000106Z - 1875 - root - ERROR - while updating the ARJUN error occured:
 dump_all() got multiple values for keyword argument 'Dumper'
2019-10-24T12:00:49.000956Z - 1875 - root - ERROR - while updating the SUN02 error occured:
 dump_all() got multiple values for keyword argument 'Dumper'
2019-10-24T12:00:50.000500Z - 1875 - root - ERROR - while updating the arjun error occured:
 dump_all() got multiple values for keyword argument 'Dumper'
2019-10-24T12:00:51.000191Z - 1875 - root - ERROR - while updating the sun02 error occured:
 dump_all() got multiple values for keyword argument 'Dumper'
2019-10-24T13:45:23.000280Z - 8398 - root - ERROR - while updating the ARJUN error occured:
 expected string or buffer
2019-10-24T13:45:24.000099Z - 8398 - root - ERROR - while updating the SUN02 error occured:
 expected string or buffer
2019-10-24T13:45:24.000615Z - 8398 - root - ERROR - while updating the arjun error occured:
 expected string or buffer
2019-10-24T13:45:25.000344Z - 8398 - root - ERROR - while updating the sun02 error occured:
 expected string or buffer
2019-10-24T13:47:12.000616Z - 8417 - root - INFO - added files: []
2019-10-24T13:47:12.000616Z - 8417 - root - INFO - deleted files: []
2019-10-24T13:47:12.000616Z - 8417 - root - INFO - modified files: ['/tmp/tmpkJtX1o/ARJUN/\\lhost.yml']
2019-10-24T13:47:12.000616Z - 8417 - root - INFO - conflict files: []
2019-10-24T13:47:12.000616Z - 8417 - root - INFO - unknown files: []
2019-10-24T13:47:13.000014Z - 8417 - root - INFO - revision: 54841
2019-10-24T13:47:14.000448Z - 8417 - root - INFO - added files: []
2019-10-24T13:47:14.000448Z - 8417 - root - INFO - deleted files: []
2019-10-24T13:47:14.000448Z - 8417 - root - INFO - modified files: ['/tmp/tmpykoRnl/SUN02/\\lhost.yml']
2019-10-24T13:47:14.000448Z - 8417 - root - INFO - conflict files: []
2019-10-24T13:47:14.000449Z - 8417 - root - INFO - unknown files: []
2019-10-24T13:47:14.000741Z - 8417 - root - INFO - revision: 54842
2019-10-24T13:47:15.000710Z - 8417 - root - INFO - added files: []
2019-10-24T13:47:15.000710Z - 8417 - root - INFO - deleted files: []
2019-10-24T13:47:15.000710Z - 8417 - root - INFO - modified files: ['/tmp/tmp2GEUph/arjun/\\lhost.yml']
2019-10-24T13:47:15.000711Z - 8417 - root - INFO - conflict files: []
2019-10-24T13:47:15.000711Z - 8417 - root - INFO - unknown files: []
2019-10-24T13:47:16.000017Z - 8417 - root - INFO - revision: 54843
2019-10-24T13:47:17.000321Z - 8417 - root - INFO - added files: []
2019-10-24T13:47:17.000321Z - 8417 - root - INFO - deleted files: []
2019-10-24T13:47:17.000321Z - 8417 - root - INFO - modified files: ['/tmp/tmpcAcuPs/sun02/\\lhost.yml']
2019-10-24T13:47:17.000321Z - 8417 - root - INFO - conflict files: []
2019-10-24T13:47:17.000321Z - 8417 - root - INFO - unknown files: []
2019-10-24T13:47:17.000628Z - 8417 - root - INFO - revision: 54844
2019-10-24T13:49:32.000172Z - 8458 - root - INFO - added files: []
2019-10-24T13:49:32.000172Z - 8458 - root - INFO - deleted files: []
2019-10-24T13:49:32.000172Z - 8458 - root - INFO - modified files: ['/tmp/tmpmRloMI/ARJUN/\\lhost.yml']
2019-10-24T13:49:32.000173Z - 8458 - root - INFO - conflict files: []
2019-10-24T13:49:32.000173Z - 8458 - root - INFO - unknown files: []
2019-10-24T13:49:32.000497Z - 8458 - root - INFO - revision: 54845
2019-10-24T13:49:33.000961Z - 8458 - root - INFO - added files: []
2019-10-24T13:49:33.000961Z - 8458 - root - INFO - deleted files: []
2019-10-24T13:49:33.000961Z - 8458 - root - INFO - modified files: ['/tmp/tmpEOlnSK/SUN02/\\lhost.yml']
2019-10-24T13:49:33.000961Z - 8458 - root - INFO - conflict files: []
2019-10-24T13:49:33.000961Z - 8458 - root - INFO - unknown files: []
2019-10-24T13:49:34.000428Z - 8458 - root - INFO - revision: 54846
2019-10-24T13:49:35.000359Z - 8458 - root - INFO - added files: []
2019-10-24T13:49:35.000359Z - 8458 - root - INFO - deleted files: []
2019-10-24T13:49:35.000359Z - 8458 - root - INFO - modified files: ['/tmp/tmpSdpGwL/arjun/\\lhost.yml']
2019-10-24T13:49:35.000359Z - 8458 - root - INFO - conflict files: []
2019-10-24T13:49:35.000359Z - 8458 - root - INFO - unknown files: []
2019-10-24T13:49:35.000653Z - 8458 - root - INFO - revision: 54847
2019-10-24T13:49:36.000960Z - 8458 - root - INFO - added files: []
2019-10-24T13:49:36.000960Z - 8458 - root - INFO - deleted files: []
2019-10-24T13:49:36.000960Z - 8458 - root - INFO - modified files: ['/tmp/tmpin1aUF/sun02/\\lhost.yml']
2019-10-24T13:49:36.000960Z - 8458 - root - INFO - conflict files: []
2019-10-24T13:49:36.000961Z - 8458 - root - INFO - unknown files: []
2019-10-24T13:49:37.000235Z - 8458 - root - INFO - revision: 54848
2019-10-24T13:55:01.000102Z - 8504 - root - ERROR - while updating the ARJUN error occured:
 global name 're' is not defined
2019-10-24T13:55:01.000947Z - 8504 - root - ERROR - while updating the SUN02 error occured:
 global name 're' is not defined
2019-10-24T13:55:02.000438Z - 8504 - root - ERROR - while updating the arjun error occured:
 global name 're' is not defined
2019-10-24T13:55:03.000180Z - 8504 - root - ERROR - while updating the sun02 error occured:
 global name 're' is not defined
2019-10-24T13:56:56.000398Z - 8523 - root - ERROR - while updating the ARJUN error occured:
 global name 're' is not defined
2019-10-24T13:56:57.000246Z - 8523 - root - ERROR - while updating the SUN02 error occured:
 global name 're' is not defined
2019-10-24T13:56:57.000760Z - 8523 - root - ERROR - while updating the arjun error occured:
 global name 're' is not defined
2019-10-24T13:56:58.000431Z - 8523 - root - ERROR - while updating the sun02 error occured:
 global name 're' is not defined
2019-10-24T13:58:02.000205Z - 8544 - root - ERROR - while updating the ARJUN error occured:
 expected string or buffer
2019-10-24T13:58:02.000979Z - 8544 - root - ERROR - while updating the SUN02 error occured:
 expected string or buffer
2019-10-24T13:58:03.000530Z - 8544 - root - ERROR - while updating the arjun error occured:
 expected string or buffer
2019-10-24T13:58:04.000231Z - 8544 - root - ERROR - while updating the sun02 error occured:
 expected string or buffer
2019-10-24T13:59:22.000865Z - 8562 - root - ERROR - while updating the ARJUN error occured:
 expected string or buffer
2019-10-24T13:59:23.000731Z - 8562 - root - ERROR - while updating the SUN02 error occured:
 expected string or buffer
2019-10-24T13:59:24.000255Z - 8562 - root - ERROR - while updating the arjun error occured:
 expected string or buffer
2019-10-24T13:59:24.000952Z - 8562 - root - ERROR - while updating the sun02 error occured:
 expected string or buffer
2019-10-24T14:00:20.000255Z - 8581 - root - INFO - added files: []
2019-10-24T14:00:20.000255Z - 8581 - root - INFO - deleted files: []
2019-10-24T14:00:20.000255Z - 8581 - root - INFO - modified files: ['/tmp/tmpHPZWPK/ARJUN/\\lhost.yml']
2019-10-24T14:00:20.000255Z - 8581 - root - INFO - conflict files: []
2019-10-24T14:00:20.000255Z - 8581 - root - INFO - unknown files: []
2019-10-24T14:00:20.000556Z - 8581 - root - INFO - revision: 54852
2019-10-24T14:00:22.000153Z - 8581 - root - INFO - added files: []
2019-10-24T14:00:22.000153Z - 8581 - root - INFO - deleted files: []
2019-10-24T14:00:22.000153Z - 8581 - root - INFO - modified files: ['/tmp/tmpHy151x/SUN02/\\lhost.yml']
2019-10-24T14:00:22.000153Z - 8581 - root - INFO - conflict files: []
2019-10-24T14:00:22.000153Z - 8581 - root - INFO - unknown files: []
2019-10-24T14:00:22.000416Z - 8581 - root - INFO - revision: 54853
2019-10-24T14:00:23.000488Z - 8581 - root - INFO - added files: []
2019-10-24T14:00:23.000488Z - 8581 - root - INFO - deleted files: []
2019-10-24T14:00:23.000488Z - 8581 - root - INFO - modified files: ['/tmp/tmpj_5pSY/arjun/\\lhost.yml']
2019-10-24T14:00:23.000488Z - 8581 - root - INFO - conflict files: []
2019-10-24T14:00:23.000488Z - 8581 - root - INFO - unknown files: []
2019-10-24T14:00:23.000832Z - 8581 - root - INFO - revision: 54854
2019-10-24T14:00:25.000351Z - 8581 - root - INFO - added files: []
2019-10-24T14:00:25.000351Z - 8581 - root - INFO - deleted files: []
2019-10-24T14:00:25.000351Z - 8581 - root - INFO - modified files: ['/tmp/tmpDdVn3y/sun02/\\lhost.yml']
2019-10-24T14:00:25.000351Z - 8581 - root - INFO - conflict files: []
2019-10-24T14:00:25.000351Z - 8581 - root - INFO - unknown files: []
2019-10-24T14:00:25.000705Z - 8581 - root - INFO - revision: 54855
2019-10-24T14:11:11.000281Z - 8638 - root - INFO - added files: []
2019-10-24T14:11:11.000281Z - 8638 - root - INFO - deleted files: []
2019-10-24T14:11:11.000281Z - 8638 - root - INFO - modified files: ['/tmp/tmpDQjBVz/ARJUN/\\lhost.yml']
2019-10-24T14:11:11.000281Z - 8638 - root - INFO - conflict files: []
2019-10-24T14:11:11.000281Z - 8638 - root - INFO - unknown files: []
2019-10-24T14:11:11.000615Z - 8638 - root - INFO - revision: 54856
2019-10-24T14:11:13.000016Z - 8638 - root - INFO - added files: []
2019-10-24T14:11:13.000016Z - 8638 - root - INFO - deleted files: []
2019-10-24T14:11:13.000016Z - 8638 - root - INFO - modified files: ['/tmp/tmphHbHFf/SUN02/\\lhost.yml']
2019-10-24T14:11:13.000016Z - 8638 - root - INFO - conflict files: []
2019-10-24T14:11:13.000016Z - 8638 - root - INFO - unknown files: []
2019-10-24T14:11:13.000289Z - 8638 - root - INFO - revision: 54857
2019-10-24T14:11:15.000302Z - 8638 - root - INFO - added files: ['/tmp/tmpHSFmCP/SID02/\\lhost.yml']
2019-10-24T14:11:15.000302Z - 8638 - root - INFO - deleted files: []
2019-10-24T14:11:15.000302Z - 8638 - root - INFO - modified files: []
2019-10-24T14:11:15.000303Z - 8638 - root - INFO - conflict files: []
2019-10-24T14:11:15.000303Z - 8638 - root - INFO - unknown files: []
2019-10-24T14:11:15.000593Z - 8638 - root - INFO - revision: 54858
2019-10-24T14:11:18.000505Z - 8638 - root - INFO - added files: ['/tmp/tmpxAnV_9/ISEE7/\\lhost.yml']
2019-10-24T14:11:18.000505Z - 8638 - root - INFO - deleted files: []
2019-10-24T14:11:18.000505Z - 8638 - root - INFO - modified files: []
2019-10-24T14:11:18.000506Z - 8638 - root - INFO - conflict files: []
2019-10-24T14:11:18.000506Z - 8638 - root - INFO - unknown files: []
2019-10-24T14:11:18.000789Z - 8638 - root - INFO - revision: 54859
2019-10-24T14:11:19.000758Z - 8638 - root - INFO - added files: []
2019-10-24T14:11:19.000758Z - 8638 - root - INFO - deleted files: []
2019-10-24T14:11:19.000758Z - 8638 - root - INFO - modified files: ['/tmp/tmpcKqH0C/arjun/\\lhost.yml']
2019-10-24T14:11:19.000758Z - 8638 - root - INFO - conflict files: []
2019-10-24T14:11:19.000758Z - 8638 - root - INFO - unknown files: []
2019-10-24T14:11:20.000051Z - 8638 - root - INFO - revision: 54860
2019-10-24T14:11:21.000380Z - 8638 - root - INFO - added files: []
2019-10-24T14:11:21.000380Z - 8638 - root - INFO - deleted files: []
2019-10-24T14:11:21.000380Z - 8638 - root - INFO - modified files: ['/tmp/tmpixxsaJ/sun02/\\lhost.yml']
2019-10-24T14:11:21.000380Z - 8638 - root - INFO - conflict files: []
2019-10-24T14:11:21.000381Z - 8638 - root - INFO - unknown files: []
2019-10-24T14:11:21.000740Z - 8638 - root - INFO - revision: 54861
2019-10-24T14:11:22.000987Z - 8638 - root - INFO - added files: ['/tmp/tmpJ3hO9K/sid02/\\lhost.yml']
2019-10-24T14:11:22.000987Z - 8638 - root - INFO - deleted files: []
2019-10-24T14:11:22.000987Z - 8638 - root - INFO - modified files: []
2019-10-24T14:11:22.000987Z - 8638 - root - INFO - conflict files: []
2019-10-24T14:11:22.000987Z - 8638 - root - INFO - unknown files: []
2019-10-24T14:11:23.000482Z - 8638 - root - INFO - revision: 54862
2019-10-24T14:11:24.000906Z - 8638 - root - INFO - added files: ['/tmp/tmpVtxmhR/isee7/\\lhost.yml']
2019-10-24T14:11:24.000906Z - 8638 - root - INFO - deleted files: []
2019-10-24T14:11:24.000906Z - 8638 - root - INFO - modified files: []
2019-10-24T14:11:24.000906Z - 8638 - root - INFO - conflict files: []
2019-10-24T14:11:24.000906Z - 8638 - root - INFO - unknown files: []
2019-10-24T14:11:25.000202Z - 8638 - root - INFO - revision: 54863
2019-10-24T14:13:44.000870Z - 8713 - root - INFO - added files: []
2019-10-24T14:13:44.000870Z - 8713 - root - INFO - deleted files: []
2019-10-24T14:13:44.000870Z - 8713 - root - INFO - modified files: ['/tmp/tmpDWhPNK/ARJUN/lhost.yml']
2019-10-24T14:13:44.000870Z - 8713 - root - INFO - conflict files: []
2019-10-24T14:13:44.000870Z - 8713 - root - INFO - unknown files: []
2019-10-24T14:13:45.000102Z - 8713 - root - INFO - revision: 54864
2019-10-24T14:13:46.000553Z - 8713 - root - INFO - added files: []
2019-10-24T14:13:46.000554Z - 8713 - root - INFO - deleted files: []
2019-10-24T14:13:46.000554Z - 8713 - root - INFO - modified files: ['/tmp/tmpZWR8Z4/SUN02/lhost.yml']
2019-10-24T14:13:46.000554Z - 8713 - root - INFO - conflict files: []
2019-10-24T14:13:46.000554Z - 8713 - root - INFO - unknown files: []
2019-10-24T14:13:46.000800Z - 8713 - root - INFO - revision: 54865
2019-10-24T14:13:48.000144Z - 8713 - root - INFO - added files: []
2019-10-24T14:13:48.000144Z - 8713 - root - INFO - deleted files: []
2019-10-24T14:13:48.000145Z - 8713 - root - INFO - modified files: ['/tmp/tmpkvVqQf/SID02/lhost.yml']
2019-10-24T14:13:48.000145Z - 8713 - root - INFO - conflict files: []
2019-10-24T14:13:48.000145Z - 8713 - root - INFO - unknown files: []
2019-10-24T14:13:48.000541Z - 8713 - root - INFO - revision: 54866
2019-10-24T14:13:50.000414Z - 8713 - root - INFO - added files: []
2019-10-24T14:13:50.000414Z - 8713 - root - INFO - deleted files: []
2019-10-24T14:13:50.000414Z - 8713 - root - INFO - modified files: ['/tmp/tmpB9AvOx/ISEE7/lhost.yml']
2019-10-24T14:13:50.000414Z - 8713 - root - INFO - conflict files: []
2019-10-24T14:13:50.000414Z - 8713 - root - INFO - unknown files: []
2019-10-24T14:13:50.000765Z - 8713 - root - INFO - revision: 54867
2019-10-24T14:13:51.000744Z - 8713 - root - INFO - added files: []
2019-10-24T14:13:51.000745Z - 8713 - root - INFO - deleted files: []
2019-10-24T14:13:51.000745Z - 8713 - root - INFO - modified files: ['/tmp/tmpxC23SO/arjun/lhost.yml']
2019-10-24T14:13:51.000745Z - 8713 - root - INFO - conflict files: []
2019-10-24T14:13:51.000745Z - 8713 - root - INFO - unknown files: []
2019-10-24T14:13:51.000936Z - 8713 - root - INFO - revision: 54868
2019-10-24T14:13:53.000266Z - 8713 - root - INFO - added files: []
2019-10-24T14:13:53.000267Z - 8713 - root - INFO - deleted files: []
2019-10-24T14:13:53.000267Z - 8713 - root - INFO - modified files: ['/tmp/tmp2s7hju/sun02/lhost.yml']
2019-10-24T14:13:53.000267Z - 8713 - root - INFO - conflict files: []
2019-10-24T14:13:53.000267Z - 8713 - root - INFO - unknown files: []
2019-10-24T14:13:53.000606Z - 8713 - root - INFO - revision: 54869
2019-10-24T14:13:54.000910Z - 8713 - root - INFO - added files: []
2019-10-24T14:13:54.000911Z - 8713 - root - INFO - deleted files: []
2019-10-24T14:13:54.000911Z - 8713 - root - INFO - modified files: ['/tmp/tmp7ED_AS/sid02/lhost.yml']
2019-10-24T14:13:54.000911Z - 8713 - root - INFO - conflict files: []
2019-10-24T14:13:54.000911Z - 8713 - root - INFO - unknown files: []
2019-10-24T14:13:55.000184Z - 8713 - root - INFO - revision: 54870
2019-10-24T14:13:56.000548Z - 8713 - root - INFO - added files: []
2019-10-24T14:13:56.000548Z - 8713 - root - INFO - deleted files: []
2019-10-24T14:13:56.000548Z - 8713 - root - INFO - modified files: ['/tmp/tmpKezCMb/isee7/lhost.yml']
2019-10-24T14:13:56.000548Z - 8713 - root - INFO - conflict files: []
2019-10-24T14:13:56.000548Z - 8713 - root - INFO - unknown files: []
2019-10-24T14:13:56.000867Z - 8713 - root - INFO - revision: 54871
2019-10-24T14:17:51.000760Z - 8792 - root - INFO - added files: []
2019-10-24T14:17:51.000760Z - 8792 - root - INFO - deleted files: []
2019-10-24T14:17:51.000760Z - 8792 - root - INFO - modified files: ['/tmp/tmpNOe8uI/ARJUN/lhost.yml']
2019-10-24T14:17:51.000761Z - 8792 - root - INFO - conflict files: []
2019-10-24T14:17:51.000761Z - 8792 - root - INFO - unknown files: []
2019-10-24T14:17:52.000079Z - 8792 - root - INFO - revision: 54872
2019-10-24T14:17:53.000595Z - 8792 - root - INFO - added files: []
2019-10-24T14:17:53.000595Z - 8792 - root - INFO - deleted files: []
2019-10-24T14:17:53.000595Z - 8792 - root - INFO - modified files: ['/tmp/tmpY8NXE2/SUN02/lhost.yml']
2019-10-24T14:17:53.000595Z - 8792 - root - INFO - conflict files: []
2019-10-24T14:17:53.000595Z - 8792 - root - INFO - unknown files: []
2019-10-24T14:17:54.000028Z - 8792 - root - INFO - revision: 54873
2019-10-24T14:17:55.000369Z - 8792 - root - INFO - added files: []
2019-10-24T14:17:55.000369Z - 8792 - root - INFO - deleted files: []
2019-10-24T14:17:55.000369Z - 8792 - root - INFO - modified files: ['/tmp/tmp4R3r3W/SID02/lhost.yml']
2019-10-24T14:17:55.000369Z - 8792 - root - INFO - conflict files: []
2019-10-24T14:17:55.000369Z - 8792 - root - INFO - unknown files: []
2019-10-24T14:17:55.000646Z - 8792 - root - INFO - revision: 54874
2019-10-24T14:17:57.000005Z - 8792 - root - INFO - added files: []
2019-10-24T14:17:57.000005Z - 8792 - root - INFO - deleted files: []
2019-10-24T14:17:57.000006Z - 8792 - root - INFO - modified files: ['/tmp/tmpfZ9z2p/arjun/lhost.yml']
2019-10-24T14:17:57.000006Z - 8792 - root - INFO - conflict files: []
2019-10-24T14:17:57.000006Z - 8792 - root - INFO - unknown files: []
2019-10-24T14:17:57.000214Z - 8792 - root - INFO - revision: 54875
2019-10-24T14:17:58.000457Z - 8792 - root - INFO - added files: []
2019-10-24T14:17:58.000457Z - 8792 - root - INFO - deleted files: []
2019-10-24T14:17:58.000457Z - 8792 - root - INFO - modified files: ['/tmp/tmpju8cla/sun02/lhost.yml']
2019-10-24T14:17:58.000457Z - 8792 - root - INFO - conflict files: []
2019-10-24T14:17:58.000457Z - 8792 - root - INFO - unknown files: []
2019-10-24T14:17:58.000716Z - 8792 - root - INFO - revision: 54876
2019-10-24T14:18:00.000080Z - 8792 - root - INFO - added files: []
2019-10-24T14:18:00.000080Z - 8792 - root - INFO - deleted files: []
2019-10-24T14:18:00.000080Z - 8792 - root - INFO - modified files: ['/tmp/tmpxUgVoo/sid02/lhost.yml']
2019-10-24T14:18:00.000080Z - 8792 - root - INFO - conflict files: []
2019-10-24T14:18:00.000081Z - 8792 - root - INFO - unknown files: []
2019-10-24T14:18:00.000323Z - 8792 - root - INFO - revision: 54877
2019-10-24T15:17:15.000313Z - 8879 - root - ERROR - while updating the STM01 error occured:
 expected string or buffer
2019-10-24T15:17:16.000041Z - 8879 - root - ERROR - while updating the STM10 error occured:
 expected string or buffer
2019-10-24T15:17:16.000769Z - 8879 - root - ERROR - while updating the stm01 error occured:
 expected string or buffer
2019-10-24T15:17:17.000504Z - 8879 - root - ERROR - while updating the stm10 error occured:
 expected string or buffer
